2025-08-21 19:08:47,968 - INFO - Иконки успешно загружены
2025-08-21 19:08:47,968 - INFO - Приложение запущено и свернуто в трей.
2025-08-21 19:08:52,501 - ERROR - Файл не найден: C:\Users\Daniil\GoodbyeZapretTray\TRAY_kill_wiws.bat
2025-08-21 19:09:24,270 - INFO - Иконки успешно загружены
2025-08-21 19:09:24,271 - INFO - Приложение запущено и свернуто в трей.
2025-08-21 19:09:24,271 - ERROR - Неожиданная ошибка при проверке сервиса GoodbyeZapret: module 'win32service' has no attribute 'ERROR_SERVICE_DOES_NOT_EXIST'
2025-08-21 19:09:29,365 - ERROR - Неожиданная ошибка при проверке сервиса GoodbyeZapret: module 'win32service' has no attribute 'ERROR_SERVICE_DOES_NOT_EXIST'
2025-08-21 19:09:34,404 - ERROR - Неожиданная ошибка при проверке сервиса GoodbyeZapret: module 'win32service' has no attribute 'ERROR_SERVICE_DOES_NOT_EXIST'
2025-08-21 19:24:58,326 - INFO - Иконки успешно загружены
2025-08-21 19:24:58,715 - INFO - Доступная версия на GitHub: set "Actual_GoodbyeZapret_version_code=18AV01"
set Actual_GoodbyeZapret_version=2.3.01
set StatusProject=1
2025-08-21 19:24:58,715 - INFO - Доступно обновление: 2.3.1.02 -> set "Actual_GoodbyeZapret_version_code=18AV01"
set Actual_GoodbyeZapret_version=2.3.01
set StatusProject=1
2025-08-21 19:24:58,715 - INFO - Приложение запущено и свернуто в трей.
2025-08-21 19:25:01,781 - INFO - Показано уведомление об обновлении: 2.3.1.02 -> set "Actual_GoodbyeZapret_version_code=18AV01"
set Actual_GoodbyeZapret_version=2.3.01
set StatusProject=1
2025-08-21 19:26:55,101 - INFO - Иконки успешно загружены
2025-08-21 19:26:55,339 - INFO - Доступная версия на GitHub: set "Actual_GoodbyeZapret_version_code=18AV01"
set Actual_GoodbyeZapret_version=2.3.01
set StatusProject=1
2025-08-21 19:26:55,340 - INFO - Доступно обновление: 2.3.1.02 -> set "Actual_GoodbyeZapret_version_code=18AV01"
set Actual_GoodbyeZapret_version=2.3.01
set StatusProject=1
2025-08-21 19:26:55,340 - INFO - Приложение запущено и свернуто в трей.
2025-08-21 19:26:58,383 - INFO - Показано уведомление об обновлении: 2.3.1.02 -> set "Actual_GoodbyeZapret_version_code=18AV01"
set Actual_GoodbyeZapret_version=2.3.01
set StatusProject=1
2025-08-21 19:27:56,937 - INFO - Доступная версия на GitHub: set "Actual_GoodbyeZapret_version_code=18AV01"
set Actual_GoodbyeZapret_version=2.3.01
set StatusProject=1
2025-08-21 19:28:17,436 - INFO - Иконки успешно загружены
2025-08-21 19:28:17,676 - INFO - Доступная версия на GitHub: set "Actual_GoodbyeZapret_version_code=18AV01"
set Actual_GoodbyeZapret_version=2.3.01
set StatusProject=1
2025-08-21 19:28:17,677 - INFO - Доступно обновление: 2.3.1.02 -> set "Actual_GoodbyeZapret_version_code=18AV01"
set Actual_GoodbyeZapret_version=2.3.01
set StatusProject=1
2025-08-21 19:28:17,678 - INFO - Приложение запущено и свернуто в трей.
2025-08-21 19:28:20,717 - INFO - Доступная версия на GitHub: set "Actual_GoodbyeZapret_version_code=18AV01"
set Actual_GoodbyeZapret_version=2.3.01
set StatusProject=1
2025-08-21 19:28:20,838 - INFO - Показано уведомление об обновлении: 2.3.1.02 -> set "Actual_GoodbyeZapret_version_code=18AV01"
set Actual_GoodbyeZapret_version=2.3.01
set StatusProject=1
2025-08-21 19:30:11,962 - INFO - Иконки успешно загружены
2025-08-21 19:30:12,321 - INFO - Доступная версия на GitHub: set "Actual_GoodbyeZapret_version_code=18AV01"
set Actual_GoodbyeZapret_version=2.3.01
set StatusProject=1
2025-08-21 19:30:12,322 - INFO - Доступно обновление: 2.3.1.02 -> set "Actual_GoodbyeZapret_version_code=18AV01"
set Actual_GoodbyeZapret_version=2.3.01
set StatusProject=1
2025-08-21 19:30:12,547 - INFO - Приложение запущено и свернуто в трей.
2025-08-21 19:30:13,482 - ERROR - Файл не найден: C:\Users\Daniil\Launcher.bat
2025-08-21 19:30:15,686 - INFO - Показано уведомление об обновлении: 2.3.1.02 -> set "Actual_GoodbyeZapret_version_code=18AV01"
set Actual_GoodbyeZapret_version=2.3.01
set StatusProject=1
2025-08-21 19:30:15,894 - INFO - Доступная версия на GitHub: set "Actual_GoodbyeZapret_version_code=18AV01"
set Actual_GoodbyeZapret_version=2.3.01
set StatusProject=1
2025-08-21 19:30:16,037 - INFO - Показано уведомление об обновлении: 2.3.1.02 -> set "Actual_GoodbyeZapret_version_code=18AV01"
set Actual_GoodbyeZapret_version=2.3.01
set StatusProject=1
2025-08-21 19:31:31,359 - INFO - Иконки успешно загружены
2025-08-21 19:31:31,613 - INFO - Доступная версия на GitHub: 2.3.01
2025-08-21 19:31:31,614 - INFO - Доступно обновление: 2.3.1.02 -> 2.3.01
2025-08-21 19:31:31,614 - INFO - Приложение запущено и свернуто в трей.
2025-08-21 19:31:33,823 - INFO - Доступная версия на GitHub: 2.3.01
2025-08-21 19:31:33,967 - INFO - Показано уведомление об обновлении: 2.3.1.02 -> 2.3.01
2025-08-21 19:31:34,748 - INFO - Показано уведомление об обновлении: 2.3.1.02 -> 2.3.01
2025-08-21 19:31:51,372 - ERROR - An error occurred when calling message handler
Traceback (most recent call last):
  File "C:\Users\Daniil\DriverFinder\.venv\lib\site-packages\pystray\_win32.py", line 412, in _dispatcher
    return int(icon._message_handlers.get(
  File "C:\Users\Daniil\DriverFinder\.venv\lib\site-packages\pystray\_win32.py", line 224, in _on_notify
    descriptors[index - 1](self)
  File "C:\Users\Daniil\DriverFinder\.venv\lib\site-packages\pystray\_base.py", line 328, in inner
    callback(self)
  File "C:\Users\Daniil\DriverFinder\.venv\lib\site-packages\pystray\_base.py", line 453, in __call__
    return self._action(icon, self)
  File "C:\Users\Daniil\GoodbyeZapretTray\GoodbyeZapretTray.py", line 768, in check_updates_manually
    progress_dialog.mainloop()
  File "C:\Users\Daniil\AppData\Local\Programs\Python\Python39\lib\tkinter\__init__.py", line 1422, in mainloop
    self.tk.mainloop(n)
KeyboardInterrupt
2025-08-21 19:31:53,812 - INFO - Иконки успешно загружены
2025-08-21 19:31:54,036 - INFO - Доступная версия на GitHub: 2.3.01
2025-08-21 19:31:54,036 - INFO - Доступно обновление: 2.3.1.02 -> 2.3.01
2025-08-21 19:31:54,037 - INFO - Приложение запущено и свернуто в трей.
2025-08-21 19:31:57,210 - INFO - Показано уведомление об обновлении: 2.3.1.02 -> 2.3.01
2025-08-21 19:33:45,164 - INFO - \U0001f680 Запуск приложения GoodbyeZapretTray...
2025-08-21 19:33:45,164 - INFO - \u2705 Мьютекс получен, продолжаю запуск...
2025-08-21 19:33:45,164 - INFO - \U0001f3a8 Загружаю иконки...
2025-08-21 19:33:45,196 - INFO - Иконки успешно загружены
2025-08-21 19:33:45,196 - INFO - \u2705 Иконки загружены
2025-08-21 19:33:45,196 - INFO - \U0001f4f1 Создаю иконку в системном трее...
2025-08-21 19:33:45,196 - INFO - \u2705 Иконка трея создана
2025-08-21 19:33:45,196 - INFO - \U0001f504 Запускаю поток проверки статуса...
2025-08-21 19:33:45,196 - INFO - \u2705 Поток проверки статуса запущен
2025-08-21 19:33:45,197 - INFO - \U0001f504 Инициирую проверку обновлений при запуске...
2025-08-21 19:33:45,197 - INFO - \U0001f504 Запускаю автоматическую проверку обновлений при запуске...
2025-08-21 19:33:45,197 - INFO - \U0001f4cb Проверяю текущую версию в реестре...
2025-08-21 19:33:45,197 - INFO - \u2705 Поток проверки обновлений запущен
2025-08-21 19:33:45,209 - INFO - \U0001f3af Приложение полностью запущено и свернуто в трей.
2025-08-21 19:33:45,209 - INFO - \U0001f4cb Текущая версия: 2.3.1.02
2025-08-21 19:33:45,287 - INFO - \U0001f310 Проверяю обновления на GitHub...
2025-08-21 19:33:45,431 - INFO - Доступная версия на GitHub: 2.3.01
2025-08-21 19:33:45,431 - INFO - \U0001f4e6 Доступная версия на GitHub: 2.3.01
2025-08-21 19:33:45,431 - INFO - \U0001f504 Доступно обновление: 2.3.1.02 -> 2.3.01
2025-08-21 19:33:45,432 - INFO - \u23f0 Планирую показ уведомления через 3 секунды...
2025-08-21 19:33:48,608 - INFO - Показано уведомление об обновлении: 2.3.1.02 -> 2.3.01
2025-08-21 19:33:58,909 - INFO - \U0001f680 Запуск приложения GoodbyeZapretTray...
2025-08-21 19:33:58,909 - INFO - \u2705 Мьютекс получен, продолжаю запуск...
2025-08-21 19:33:58,909 - INFO - \U0001f3a8 Загружаю иконки...
2025-08-21 19:33:58,937 - INFO - Иконки успешно загружены
2025-08-21 19:33:58,937 - INFO - \u2705 Иконки загружены
2025-08-21 19:33:58,937 - INFO - \U0001f4f1 Создаю иконку в системном трее...
2025-08-21 19:33:58,937 - INFO - \u2705 Иконка трея создана
2025-08-21 19:33:58,937 - INFO - \U0001f504 Запускаю поток проверки статуса...
2025-08-21 19:33:58,938 - INFO - \u2705 Поток проверки статуса запущен
2025-08-21 19:33:58,938 - INFO - \U0001f504 Инициирую проверку обновлений при запуске...
2025-08-21 19:33:58,938 - INFO - \U0001f504 Запускаю автоматическую проверку обновлений при запуске...
2025-08-21 19:33:58,938 - INFO - \U0001f4cb Проверяю текущую версию в реестре...
2025-08-21 19:33:58,938 - INFO - \u2705 Поток проверки обновлений запущен
2025-08-21 19:33:58,938 - INFO - \U0001f50d Читаю версию из реестра: Software\ALFiX inc.\GoodbyeZapret\GoodbyeZapret_Version
2025-08-21 19:33:58,951 - INFO - \U0001f3af Приложение полностью запущено и свернуто в трей.
2025-08-21 19:33:59,012 - INFO - \u2705 Версия из реестра: 2.3.1.02
2025-08-21 19:33:59,027 - INFO - \U0001f4cb Текущая версия: 2.3.1.02
2025-08-21 19:33:59,027 - INFO - \U0001f310 Проверяю обновления на GitHub...
2025-08-21 19:33:59,194 - INFO - Доступная версия на GitHub: 2.3.01
2025-08-21 19:33:59,194 - INFO - \U0001f4e6 Доступная версия на GitHub: 2.3.01
2025-08-21 19:33:59,195 - INFO - \U0001f504 Доступно обновление: 2.3.1.02 -> 2.3.01
2025-08-21 19:33:59,195 - INFO - \u23f0 Планирую показ уведомления через 3 секунды...
2025-08-21 19:34:02,359 - INFO - Показано уведомление об обновлении: 2.3.1.02 -> 2.3.01
2025-08-21 19:34:08,327 - INFO - \U0001f50d Читаю версию из реестра: Software\ALFiX inc.\GoodbyeZapret\GoodbyeZapret_Version
2025-08-21 19:34:08,327 - INFO - \u2705 Версия из реестра: 2.3.1.02
2025-08-21 19:34:08,520 - INFO - Доступная версия на GitHub: 2.3.01
2025-08-21 19:34:08,641 - INFO - Показано уведомление об обновлении: 2.3.1.02 -> 2.3.01
2025-08-21 19:40:37,392 - INFO - \U0001f680 Запуск приложения GoodbyeZapretTray...
2025-08-21 19:40:37,393 - INFO - \u2705 Мьютекс получен, продолжаю запуск...
2025-08-21 19:40:37,393 - INFO - \U0001f3a8 Загружаю иконки...
2025-08-21 19:40:37,419 - INFO - Иконки успешно загружены
2025-08-21 19:40:37,419 - INFO - \u2705 Иконки загружены
2025-08-21 19:40:37,419 - INFO - \U0001f4f1 Создаю иконку в системном трее...
2025-08-21 19:40:37,419 - INFO - \u2705 Иконка трея создана
2025-08-21 19:40:37,419 - INFO - \U0001f504 Запускаю поток проверки статуса...
2025-08-21 19:40:37,419 - INFO - \u2705 Поток проверки статуса запущен
2025-08-21 19:40:37,419 - INFO - \U0001f504 Инициирую проверку обновлений при запуске...
2025-08-21 19:40:37,419 - INFO - \U0001f504 Запускаю автоматическую проверку обновлений при запуске...
2025-08-21 19:40:37,419 - INFO - \U0001f4cb Проверяю текущую версию в реестре...
2025-08-21 19:40:37,419 - INFO - \u2705 Поток проверки обновлений запущен
2025-08-21 19:40:37,419 - INFO - \U0001f50d Читаю версию из реестра: Software\ALFiX inc.\GoodbyeZapret\GoodbyeZapret_Version
2025-08-21 19:40:37,437 - INFO - \U0001f3af Приложение полностью запущено и свернуто в трей.
2025-08-21 19:40:37,498 - INFO - \u2705 Версия из реестра: 2.3.1.02
2025-08-21 19:40:37,498 - INFO - \U0001f4cb Текущая версия: 2.3.1.02
2025-08-21 19:40:37,498 - INFO - \U0001f310 Проверяю обновления на GitHub...
2025-08-21 19:40:37,763 - INFO - Доступная версия на GitHub: 2.3.01
2025-08-21 19:40:37,763 - INFO - \U0001f4e6 Доступная версия на GitHub: 2.3.01
2025-08-21 19:40:37,763 - INFO - \U0001f504 Доступно обновление: 2.3.1.02 -> 2.3.01
2025-08-21 19:40:37,763 - INFO - \u23f0 Планирую показ уведомления через 3 секунды...
2025-08-21 19:40:40,289 - INFO - \U0001f50d Читаю версию из реестра: Software\ALFiX inc.\GoodbyeZapret\GoodbyeZapret_Version
2025-08-21 19:40:40,289 - INFO - \u2705 Версия из реестра: 2.3.1.02
2025-08-21 19:40:40,489 - INFO - Доступная версия на GitHub: 2.3.01
2025-08-21 19:40:40,628 - INFO - Показано уведомление об обновлении: 2.3.1.02 -> 2.3.01
2025-08-21 19:40:40,893 - INFO - Показано уведомление об обновлении: 2.3.1.02 -> 2.3.01
2025-08-21 19:41:22,049 - INFO - \U0001f680 Запуск приложения GoodbyeZapretTray...
2025-08-21 19:41:22,049 - INFO - \u2705 Мьютекс получен, продолжаю запуск...
2025-08-21 19:41:22,049 - INFO - \U0001f3a8 Загружаю иконки...
2025-08-21 19:41:22,078 - INFO - Иконки успешно загружены
2025-08-21 19:41:22,078 - INFO - \u2705 Иконки загружены
2025-08-21 19:41:22,078 - INFO - \U0001f4f1 Создаю иконку в системном трее...
2025-08-21 19:41:22,078 - INFO - \u2705 Иконка трея создана
2025-08-21 19:41:22,078 - INFO - \U0001f504 Запускаю поток проверки статуса...
2025-08-21 19:41:22,079 - INFO - \u2705 Поток проверки статуса запущен
2025-08-21 19:41:22,079 - INFO - \U0001f504 Инициирую проверку обновлений при запуске...
2025-08-21 19:41:22,079 - INFO - \U0001f504 Запускаю автоматическую проверку обновлений при запуске...
2025-08-21 19:41:22,079 - INFO - \U0001f50d Читаю версию из реестра: Software\ALFiX inc.\GoodbyeZapret\GoodbyeZapret_Version
2025-08-21 19:41:22,091 - INFO - \U0001f3af Приложение полностью запущено и свернуто в трей.
2025-08-21 19:41:22,107 - INFO - \u2705 Версия из реестра: 2.3.1.02
2025-08-21 19:41:22,326 - INFO - Доступная версия на GitHub: 2.3.01
2025-08-21 19:41:22,326 - INFO - \u2705 Приложение обновлено до последней версии: 2.3.1.02
2025-08-21 19:43:47,331 - INFO - \U0001f680 Запуск приложения GoodbyeZapretTray...
2025-08-21 19:43:47,331 - INFO - \u2705 Мьютекс получен, продолжаю запуск...
2025-08-21 19:43:47,331 - INFO - \U0001f3a8 Загружаю иконки...
2025-08-21 19:43:47,359 - INFO - Иконки успешно загружены
2025-08-21 19:43:47,359 - INFO - \u2705 Иконки загружены
2025-08-21 19:43:47,359 - INFO - \U0001f4f1 Создаю иконку в системном трее...
2025-08-21 19:43:47,359 - INFO - \u2705 Иконка трея создана
2025-08-21 19:43:47,359 - INFO - \U0001f504 Запускаю поток проверки статуса...
2025-08-21 19:43:47,359 - INFO - \u2705 Поток проверки статуса запущен
2025-08-21 19:43:47,359 - INFO - \U0001f504 Инициирую проверку обновлений при запуске...
2025-08-21 19:43:47,359 - INFO - \U0001f504 Запускаю автоматическую проверку обновлений при запуске...
2025-08-21 19:43:47,379 - INFO - \U0001f50d Читаю версию из реестра: Software\ALFiX inc.\GoodbyeZapret\GoodbyeZapret_Version
2025-08-21 19:43:47,395 - INFO - \U0001f3af Приложение полностью запущено и свернуто в трей.
2025-08-21 19:43:47,410 - INFO - \u2705 Версия из реестра: 2.3.1.02
2025-08-21 19:43:47,581 - INFO - Доступная версия на GitHub: 2.3.01
2025-08-21 19:43:47,581 - INFO - \u2705 Приложение обновлено до последней версии: 2.3.1.02
2025-08-21 19:52:57,359 - INFO - \U0001f680 Запуск приложения GoodbyeZapretTray...
2025-08-21 19:52:57,359 - INFO - \u2705 Мьютекс получен, продолжаю запуск...
2025-08-21 19:52:57,359 - INFO - \U0001f3a8 Загружаю иконки...
2025-08-21 19:52:57,385 - INFO - Иконки успешно загружены
2025-08-21 19:52:57,386 - INFO - \u2705 Иконки загружены
2025-08-21 19:52:57,386 - INFO - \U0001f4f1 Создаю иконку в системном трее...
2025-08-21 19:52:57,386 - INFO - \u2705 Иконка трея создана
2025-08-21 19:52:57,386 - INFO - \U0001f504 Запускаю поток проверки статуса...
2025-08-21 19:52:57,386 - INFO - \u2705 Поток проверки статуса запущен
2025-08-21 19:52:57,386 - INFO - \U0001f504 Инициирую проверку обновлений при запуске...
2025-08-21 19:52:57,386 - INFO - \U0001f504 Запускаю автоматическую проверку обновлений при запуске...
2025-08-21 19:52:57,386 - INFO - \U0001f4cb Проверяю текущую версию в реестре...
2025-08-21 19:52:57,396 - INFO - \u2705 Поток проверки обновлений запущен
2025-08-21 19:52:57,396 - INFO - \U0001f50d Читаю версию из реестра: Software\ALFiX inc.\GoodbyeZapret\GoodbyeZapret_Version
2025-08-21 19:52:57,443 - INFO - \U0001f3af Приложение полностью запущено и свернуто в трей.
2025-08-21 19:52:57,475 - INFO - \u2705 Версия из реестра: 2.3.1.02
2025-08-21 19:52:57,475 - INFO - \U0001f4cb Текущая версия: 2.3.1.02
2025-08-21 19:52:57,475 - INFO - \U0001f310 Проверяю обновления на GitHub...
2025-08-21 19:52:57,475 - INFO - \U0001f310 Отправляю запрос к GitHub: https://raw.githubusercontent.com/ALFiX01/GoodbyeZapret/main/GoodbyeZapret_Version
2025-08-21 19:52:57,760 - INFO - \U0001f4e5 Получен ответ от GitHub, размер: 106 символов
2025-08-21 19:52:57,760 - INFO - \u2705 Извлечена версия из GitHub: 2.3.01
2025-08-21 19:52:57,761 - INFO - \U0001f4e6 Доступная версия на GitHub: 2.3.01
2025-08-21 19:52:57,761 - INFO - \U0001f504 Доступно обновление: 2.3.1.02 -> 2.3.01
2025-08-21 19:52:57,761 - INFO - \u23f0 Планирую показ уведомления через 3 секунды...
2025-08-21 19:53:00,922 - INFO - Показано уведомление об обновлении: 2.3.1.02 -> 2.3.01
2025-08-21 19:53:01,005 - INFO - \U0001f50d Читаю версию из реестра: Software\ALFiX inc.\GoodbyeZapret\GoodbyeZapret_Version
2025-08-21 19:53:01,005 - INFO - \u2705 Версия из реестра: 2.3.1.02
2025-08-21 19:53:01,062 - INFO - \U0001f310 Отправляю запрос к GitHub: https://raw.githubusercontent.com/ALFiX01/GoodbyeZapret/main/GoodbyeZapret_Version
2025-08-21 19:53:01,187 - INFO - \U0001f4e5 Получен ответ от GitHub, размер: 106 символов
2025-08-21 19:53:01,187 - INFO - \u2705 Извлечена версия из GitHub: 2.3.01
2025-08-21 19:53:01,302 - INFO - Показано уведомление об обновлении: 2.3.1.02 -> 2.3.01
2025-08-21 19:56:39,533 - INFO - рџ”§ Р›РѕРіРёСЂРѕРІР°РЅРёРµ РЅР°СЃС‚СЂРѕРµРЅРѕ СѓСЃРїРµС€РЅРѕ
2025-08-21 19:56:39,533 - INFO - рџљЂ Р—Р°РїСѓСЃРє РїСЂРёР»РѕР¶РµРЅРёСЏ GoodbyeZapretTray...
2025-08-21 19:56:39,533 - INFO - вњ… РњСЊСЋС‚РµРєСЃ РїРѕР»СѓС‡РµРЅ, РїСЂРѕРґРѕР»Р¶Р°СЋ Р·Р°РїСѓСЃРє...
2025-08-21 19:56:39,533 - INFO - рџЋЁ Р—Р°РіСЂСѓР¶Р°СЋ РёРєРѕРЅРєРё...
2025-08-21 19:56:39,565 - INFO - РРєРѕРЅРєРё СѓСЃРїРµС€РЅРѕ Р·Р°РіСЂСѓР¶РµРЅС‹
2025-08-21 19:56:39,565 - INFO - вњ… РРєРѕРЅРєРё Р·Р°РіСЂСѓР¶РµРЅС‹
2025-08-21 19:56:39,565 - INFO - рџ“± РЎРѕР·РґР°СЋ РёРєРѕРЅРєСѓ РІ СЃРёСЃС‚РµРјРЅРѕРј С‚СЂРµРµ...
2025-08-21 19:56:39,565 - INFO - вњ… РРєРѕРЅРєР° С‚СЂРµСЏ СЃРѕР·РґР°РЅР°
2025-08-21 19:56:39,565 - INFO - рџ”„ Р—Р°РїСѓСЃРєР°СЋ РїРѕС‚РѕРє РїСЂРѕРІРµСЂРєРё СЃС‚Р°С‚СѓСЃР°...
2025-08-21 19:56:39,566 - INFO - вњ… РџРѕС‚РѕРє РїСЂРѕРІРµСЂРєРё СЃС‚Р°С‚СѓСЃР° Р·Р°РїСѓС‰РµРЅ
2025-08-21 19:56:39,566 - INFO - рџ”„ РРЅРёС†РёРёСЂСѓСЋ РїСЂРѕРІРµСЂРєСѓ РѕР±РЅРѕРІР»РµРЅРёР№ РїСЂРё Р·Р°РїСѓСЃРєРµ...
2025-08-21 19:56:39,566 - INFO - рџ”„ Р—Р°РїСѓСЃРєР°СЋ Р°РІС‚РѕРјР°С‚РёС‡РµСЃРєСѓСЋ РїСЂРѕРІРµСЂРєСѓ РѕР±РЅРѕРІР»РµРЅРёР№ РїСЂРё Р·Р°РїСѓСЃРєРµ...
2025-08-21 19:56:39,606 - INFO - вњ… РџРѕС‚РѕРє РїСЂРѕРІРµСЂРєРё РѕР±РЅРѕРІР»РµРЅРёР№ Р·Р°РїСѓС‰РµРЅ
2025-08-21 19:56:39,636 - INFO - вњ… РџСЂРѕРІРµСЂРєР° РѕР±РЅРѕРІР»РµРЅРёР№ РёРЅРёС†РёРёСЂРѕРІР°РЅР° СѓСЃРїРµС€РЅРѕ
2025-08-21 19:56:39,652 - INFO - рџЋЇ РџСЂРёР»РѕР¶РµРЅРёРµ РїРѕР»РЅРѕСЃС‚СЊСЋ Р·Р°РїСѓС‰РµРЅРѕ Рё СЃРІРµСЂРЅСѓС‚Рѕ РІ С‚СЂРµР№.
2025-08-21 19:56:41,590 - INFO - рџ“‹ РџСЂРѕРІРµСЂСЏСЋ С‚РµРєСѓС‰СѓСЋ РІРµСЂСЃРёСЋ РІ СЂРµРµСЃС‚СЂРµ...
2025-08-21 19:56:41,590 - INFO - рџ”Ќ Р§РёС‚Р°СЋ РІРµСЂСЃРёСЋ РёР· СЂРµРµСЃС‚СЂР°: Software\ALFiX inc.\GoodbyeZapret\GoodbyeZapret_Version
2025-08-21 19:56:41,590 - INFO - вњ… Р’РµСЂСЃРёСЏ РёР· СЂРµРµСЃС‚СЂР°: 2.3.1.02
2025-08-21 19:56:41,590 - INFO - рџ“‹ РўРµРєСѓС‰Р°СЏ РІРµСЂСЃРёСЏ: 2.3.1.02
2025-08-21 19:56:41,590 - INFO - рџЊђ РџСЂРѕРІРµСЂСЏСЋ РѕР±РЅРѕРІР»РµРЅРёСЏ РЅР° GitHub...
2025-08-21 19:56:41,590 - INFO - рџЊђ РћС‚РїСЂР°РІР»СЏСЋ Р·Р°РїСЂРѕСЃ Рє GitHub: https://raw.githubusercontent.com/ALFiX01/GoodbyeZapret/main/GoodbyeZapret_Version
2025-08-21 19:56:41,728 - INFO - рџ“Ґ РџРѕР»СѓС‡РµРЅ РѕС‚РІРµС‚ РѕС‚ GitHub, СЂР°Р·РјРµСЂ: 106 СЃРёРјРІРѕР»РѕРІ
2025-08-21 19:56:41,728 - INFO - вњ… РР·РІР»РµС‡РµРЅР° РІРµСЂСЃРёСЏ РёР· GitHub: 2.3.01
2025-08-21 19:56:41,728 - INFO - рџ“¦ Р”РѕСЃС‚СѓРїРЅР°СЏ РІРµСЂСЃРёСЏ РЅР° GitHub: 2.3.01
2025-08-21 19:56:41,728 - INFO - рџ”„ Р”РѕСЃС‚СѓРїРЅРѕ РѕР±РЅРѕРІР»РµРЅРёРµ: 2.3.1.02 -> 2.3.01
2025-08-21 19:56:41,728 - INFO - вЏ° РџР»Р°РЅРёСЂСѓСЋ РїРѕРєР°Р· СѓРІРµРґРѕРјР»РµРЅРёСЏ С‡РµСЂРµР· 3 СЃРµРєСѓРЅРґС‹...
2025-08-21 19:56:41,728 - INFO - вњ… РўР°Р№РјРµСЂ СѓРІРµРґРѕРјР»РµРЅРёСЏ Р·Р°РїСѓС‰РµРЅ
2025-08-21 19:56:44,883 - INFO - РџРѕРєР°Р·Р°РЅРѕ СѓРІРµРґРѕРјР»РµРЅРёРµ РѕР± РѕР±РЅРѕРІР»РµРЅРёРё: 2.3.1.02 -> 2.3.01
2025-08-21 19:57:31,090 - INFO - рџ”Ќ Р§РёС‚Р°СЋ РІРµСЂСЃРёСЋ РёР· СЂРµРµСЃС‚СЂР°: Software\ALFiX inc.\GoodbyeZapret\GoodbyeZapret_Version
2025-08-21 19:57:31,090 - INFO - вњ… Р’РµСЂСЃРёСЏ РёР· СЂРµРµСЃС‚СЂР°: 2.3.1.02
2025-08-21 19:57:31,149 - INFO - рџЊђ РћС‚РїСЂР°РІР»СЏСЋ Р·Р°РїСЂРѕСЃ Рє GitHub: https://raw.githubusercontent.com/ALFiX01/GoodbyeZapret/main/GoodbyeZapret_Version
2025-08-21 19:57:31,291 - INFO - рџ“Ґ РџРѕР»СѓС‡РµРЅ РѕС‚РІРµС‚ РѕС‚ GitHub, СЂР°Р·РјРµСЂ: 106 СЃРёРјРІРѕР»РѕРІ
2025-08-21 19:57:31,291 - INFO - вњ… РР·РІР»РµС‡РµРЅР° РІРµСЂСЃРёСЏ РёР· GitHub: 2.3.01
2025-08-21 19:57:31,412 - INFO - РџРѕРєР°Р·Р°РЅРѕ СѓРІРµРґРѕРјР»РµРЅРёРµ РѕР± РѕР±РЅРѕРІР»РµРЅРёРё: 2.3.1.02 -> 2.3.01
2025-08-21 19:57:50,918 - INFO - рџ”§ Р›РѕРіРёСЂРѕРІР°РЅРёРµ РЅР°СЃС‚СЂРѕРµРЅРѕ СѓСЃРїРµС€РЅРѕ
2025-08-21 19:57:50,919 - INFO - рџљЂ Р—Р°РїСѓСЃРє РїСЂРёР»РѕР¶РµРЅРёСЏ GoodbyeZapretTray...
2025-08-21 19:57:50,919 - INFO - вњ… РњСЊСЋС‚РµРєСЃ РїРѕР»СѓС‡РµРЅ, РїСЂРѕРґРѕР»Р¶Р°СЋ Р·Р°РїСѓСЃРє...
2025-08-21 19:57:50,919 - INFO - рџЋЁ Р—Р°РіСЂСѓР¶Р°СЋ РёРєРѕРЅРєРё...
2025-08-21 19:57:50,947 - INFO - РРєРѕРЅРєРё СѓСЃРїРµС€РЅРѕ Р·Р°РіСЂСѓР¶РµРЅС‹
2025-08-21 19:57:50,947 - INFO - вњ… РРєРѕРЅРєРё Р·Р°РіСЂСѓР¶РµРЅС‹
2025-08-21 19:57:50,947 - INFO - рџ“± РЎРѕР·РґР°СЋ РёРєРѕРЅРєСѓ РІ СЃРёСЃС‚РµРјРЅРѕРј С‚СЂРµРµ...
2025-08-21 19:57:50,947 - INFO - вњ… РРєРѕРЅРєР° С‚СЂРµСЏ СЃРѕР·РґР°РЅР°
2025-08-21 19:57:50,947 - INFO - рџ”„ Р—Р°РїСѓСЃРєР°СЋ РїРѕС‚РѕРє РїСЂРѕРІРµСЂРєРё СЃС‚Р°С‚СѓСЃР°...
2025-08-21 19:57:50,948 - INFO - вњ… РџРѕС‚РѕРє РїСЂРѕРІРµСЂРєРё СЃС‚Р°С‚СѓСЃР° Р·Р°РїСѓС‰РµРЅ
2025-08-21 19:57:50,948 - INFO - рџ”„ РРЅРёС†РёРёСЂСѓСЋ РїСЂРѕРІРµСЂРєСѓ РѕР±РЅРѕРІР»РµРЅРёР№ РїСЂРё Р·Р°РїСѓСЃРєРµ...
2025-08-21 19:57:50,948 - INFO - рџ”„ Р—Р°РїСѓСЃРєР°СЋ Р°РІС‚РѕРјР°С‚РёС‡РµСЃРєСѓСЋ РїСЂРѕРІРµСЂРєСѓ РѕР±РЅРѕРІР»РµРЅРёР№ РїСЂРё Р·Р°РїСѓСЃРєРµ...
2025-08-21 19:57:50,948 - INFO - рџљЂ Р Р°Р±РѕС‡РёР№ РїРѕС‚РѕРє РїСЂРѕРІРµСЂРєРё РѕР±РЅРѕРІР»РµРЅРёР№ Р·Р°РїСѓС‰РµРЅ
2025-08-21 19:57:50,948 - INFO - вњ… РџРѕС‚РѕРє РїСЂРѕРІРµСЂРєРё РѕР±РЅРѕРІР»РµРЅРёР№ Р·Р°РїСѓС‰РµРЅ
2025-08-21 19:57:50,948 - INFO - вЏі РћР¶РёРґР°СЋ 2 СЃРµРєСѓРЅРґС‹ РґР»СЏ СЃС‚Р°Р±РёР»РёР·Р°С†РёРё РїСЂРёР»РѕР¶РµРЅРёСЏ...
2025-08-21 19:57:51,011 - INFO - вњ… РџСЂРѕРІРµСЂРєР° РѕР±РЅРѕРІР»РµРЅРёР№ РёРЅРёС†РёРёСЂРѕРІР°РЅР° СѓСЃРїРµС€РЅРѕ
2025-08-21 19:57:51,048 - INFO - рџЋЇ РџСЂРёР»РѕР¶РµРЅРёРµ РїРѕР»РЅРѕСЃС‚СЊСЋ Р·Р°РїСѓС‰РµРЅРѕ Рё СЃРІРµСЂРЅСѓС‚Рѕ РІ С‚СЂРµР№.
2025-08-21 19:57:53,043 - INFO - рџ“‹ РџСЂРѕРІРµСЂСЏСЋ С‚РµРєСѓС‰СѓСЋ РІРµСЂСЃРёСЋ РІ СЂРµРµСЃС‚СЂРµ...
2025-08-21 19:57:53,043 - INFO - рџ”Ќ Р§РёС‚Р°СЋ РІРµСЂСЃРёСЋ РёР· СЂРµРµСЃС‚СЂР°: Software\ALFiX inc.\GoodbyeZapret\GoodbyeZapret_Version
2025-08-21 19:57:53,043 - INFO - вњ… Р’РµСЂСЃРёСЏ РёР· СЂРµРµСЃС‚СЂР°: 2.3.1.02
2025-08-21 19:57:53,043 - INFO - рџ“‹ РўРµРєСѓС‰Р°СЏ РІРµСЂСЃРёСЏ: 2.3.1.02
2025-08-21 19:57:53,043 - INFO - рџЊђ РџСЂРѕРІРµСЂСЏСЋ РїРѕРґРєР»СЋС‡РµРЅРёРµ Рє РёРЅС‚РµСЂРЅРµС‚Сѓ...
2025-08-21 19:57:53,354 - INFO - вњ… РРЅС‚РµСЂРЅРµС‚ РґРѕСЃС‚СѓРїРµРЅ, РїСЂРѕРІРµСЂСЏСЋ РѕР±РЅРѕРІР»РµРЅРёСЏ РЅР° GitHub...
2025-08-21 19:57:53,648 - INFO - рџЊђ РћС‚РїСЂР°РІР»СЏСЋ Р·Р°РїСЂРѕСЃ Рє GitHub: https://raw.githubusercontent.com/ALFiX01/GoodbyeZapret/main/GoodbyeZapret_Version
2025-08-21 19:57:53,780 - INFO - рџ“Ґ РџРѕР»СѓС‡РµРЅ РѕС‚РІРµС‚ РѕС‚ GitHub, СЂР°Р·РјРµСЂ: 106 СЃРёРјРІРѕР»РѕРІ
2025-08-21 19:57:53,780 - INFO - вњ… РР·РІР»РµС‡РµРЅР° РІРµСЂСЃРёСЏ РёР· GitHub: 2.3.01
2025-08-21 19:57:53,781 - INFO - рџ“¦ Р”РѕСЃС‚СѓРїРЅР°СЏ РІРµСЂСЃРёСЏ РЅР° GitHub: 2.3.01
2025-08-21 19:57:53,781 - INFO - вњ… РџСЂРёР»РѕР¶РµРЅРёРµ РѕР±РЅРѕРІР»РµРЅРѕ РґРѕ РїРѕСЃР»РµРґРЅРµР№ РІРµСЂСЃРёРё: 2.3.1.02
2025-08-21 19:58:43,183 - INFO - рџ”§ Р›РѕРіРёСЂРѕРІР°РЅРёРµ РЅР°СЃС‚СЂРѕРµРЅРѕ СѓСЃРїРµС€РЅРѕ
2025-08-21 19:58:43,183 - INFO - рџљЂ Р—Р°РїСѓСЃРє РїСЂРёР»РѕР¶РµРЅРёСЏ GoodbyeZapretTray...
2025-08-21 19:58:43,183 - INFO - вњ… РњСЊСЋС‚РµРєСЃ РїРѕР»СѓС‡РµРЅ, РїСЂРѕРґРѕР»Р¶Р°СЋ Р·Р°РїСѓСЃРє...
2025-08-21 19:58:43,183 - INFO - рџЋЁ Р—Р°РіСЂСѓР¶Р°СЋ РёРєРѕРЅРєРё...
2025-08-21 19:58:43,212 - INFO - РРєРѕРЅРєРё СѓСЃРїРµС€РЅРѕ Р·Р°РіСЂСѓР¶РµРЅС‹
2025-08-21 19:58:43,212 - INFO - вњ… РРєРѕРЅРєРё Р·Р°РіСЂСѓР¶РµРЅС‹
2025-08-21 19:58:43,212 - INFO - рџ“± РЎРѕР·РґР°СЋ РёРєРѕРЅРєСѓ РІ СЃРёСЃС‚РµРјРЅРѕРј С‚СЂРµРµ...
2025-08-21 19:58:43,213 - INFO - вњ… РРєРѕРЅРєР° С‚СЂРµСЏ СЃРѕР·РґР°РЅР°
2025-08-21 19:58:43,213 - INFO - рџ”„ Р—Р°РїСѓСЃРєР°СЋ РїРѕС‚РѕРє РїСЂРѕРІРµСЂРєРё СЃС‚Р°С‚СѓСЃР°...
2025-08-21 19:58:43,213 - INFO - вњ… РџРѕС‚РѕРє РїСЂРѕРІРµСЂРєРё СЃС‚Р°С‚СѓСЃР° Р·Р°РїСѓС‰РµРЅ
2025-08-21 19:58:43,213 - INFO - рџ”„ РРЅРёС†РёРёСЂСѓСЋ РїСЂРѕРІРµСЂРєСѓ РѕР±РЅРѕРІР»РµРЅРёР№ РїСЂРё Р·Р°РїСѓСЃРєРµ...
2025-08-21 19:58:43,213 - INFO - рџ”„ Р—Р°РїСѓСЃРєР°СЋ Р°РІС‚РѕРјР°С‚РёС‡РµСЃРєСѓСЋ РїСЂРѕРІРµСЂРєСѓ РѕР±РЅРѕРІР»РµРЅРёР№ РїСЂРё Р·Р°РїСѓСЃРєРµ...
2025-08-21 19:58:43,219 - INFO - рџљЂ Р Р°Р±РѕС‡РёР№ РїРѕС‚РѕРє РїСЂРѕРІРµСЂРєРё РѕР±РЅРѕРІР»РµРЅРёР№ Р·Р°РїСѓС‰РµРЅ
2025-08-21 19:58:43,235 - INFO - вњ… РџРѕС‚РѕРє РїСЂРѕРІРµСЂРєРё РѕР±РЅРѕРІР»РµРЅРёР№ Р·Р°РїСѓС‰РµРЅ
2025-08-21 19:58:43,249 - INFO - вЏі РћР¶РёРґР°СЋ 2 СЃРµРєСѓРЅРґС‹ РґР»СЏ СЃС‚Р°Р±РёР»РёР·Р°С†РёРё РїСЂРёР»РѕР¶РµРЅРёСЏ...
2025-08-21 19:58:43,279 - INFO - вњ… РџСЂРѕРІРµСЂРєР° РѕР±РЅРѕРІР»РµРЅРёР№ РёРЅРёС†РёРёСЂРѕРІР°РЅР° СѓСЃРїРµС€РЅРѕ
2025-08-21 19:58:43,306 - INFO - рџЋЇ РџСЂРёР»РѕР¶РµРЅРёРµ РїРѕР»РЅРѕСЃС‚СЊСЋ Р·Р°РїСѓС‰РµРЅРѕ Рё СЃРІРµСЂРЅСѓС‚Рѕ РІ С‚СЂРµР№.
2025-08-21 19:58:45,317 - INFO - рџ“‹ РџСЂРѕРІРµСЂСЏСЋ С‚РµРєСѓС‰СѓСЋ РІРµСЂСЃРёСЋ РІ СЂРµРµСЃС‚СЂРµ...
2025-08-21 19:58:45,317 - INFO - рџ”Ќ Р§РёС‚Р°СЋ РІРµСЂСЃРёСЋ РёР· СЂРµРµСЃС‚СЂР°: Software\ALFiX inc.\GoodbyeZapret\GoodbyeZapret_Version
2025-08-21 19:58:45,317 - INFO - вњ… Р’РµСЂСЃРёСЏ РёР· СЂРµРµСЃС‚СЂР°: 2.3.1.02
2025-08-21 19:58:45,317 - INFO - рџ“‹ РўРµРєСѓС‰Р°СЏ РІРµСЂСЃРёСЏ: 2.3.1.02
2025-08-21 19:58:45,317 - INFO - рџЊђ РџСЂРѕРІРµСЂСЏСЋ РїРѕРґРєР»СЋС‡РµРЅРёРµ Рє РёРЅС‚РµСЂРЅРµС‚Сѓ...
2025-08-21 19:58:45,595 - INFO - вњ… РРЅС‚РµСЂРЅРµС‚ РґРѕСЃС‚СѓРїРµРЅ, РїСЂРѕРІРµСЂСЏСЋ РѕР±РЅРѕРІР»РµРЅРёСЏ РЅР° GitHub...
2025-08-21 19:58:45,877 - INFO - рџЊђ РћС‚РїСЂР°РІР»СЏСЋ Р·Р°РїСЂРѕСЃ Рє GitHub: https://raw.githubusercontent.com/ALFiX01/GoodbyeZapret/main/GoodbyeZapret_Version
2025-08-21 19:58:46,144 - INFO - рџ“Ґ РџРѕР»СѓС‡РµРЅ РѕС‚РІРµС‚ РѕС‚ GitHub, СЂР°Р·РјРµСЂ: 106 СЃРёРјРІРѕР»РѕРІ
2025-08-21 19:58:46,144 - INFO - вњ… РР·РІР»РµС‡РµРЅР° РІРµСЂСЃРёСЏ РёР· GitHub: 2.3.01
2025-08-21 19:58:46,145 - INFO - рџ“¦ Р”РѕСЃС‚СѓРїРЅР°СЏ РІРµСЂСЃРёСЏ РЅР° GitHub: 2.3.01
2025-08-21 19:58:46,145 - INFO - вњ… РџСЂРёР»РѕР¶РµРЅРёРµ РѕР±РЅРѕРІР»РµРЅРѕ РґРѕ РїРѕСЃР»РµРґРЅРµР№ РІРµСЂСЃРёРё: 2.3.1.02
2025-08-21 20:06:36,127 - INFO - рџ”§ Р›РѕРіРёСЂРѕРІР°РЅРёРµ РЅР°СЃС‚СЂРѕРµРЅРѕ СѓСЃРїРµС€РЅРѕ
2025-08-21 20:06:36,127 - INFO - рџљЂ Р—Р°РїСѓСЃРє РїСЂРёР»РѕР¶РµРЅРёСЏ GoodbyeZapretTray...
2025-08-21 20:06:36,127 - INFO - вњ… РњСЊСЋС‚РµРєСЃ РїРѕР»СѓС‡РµРЅ, РїСЂРѕРґРѕР»Р¶Р°СЋ Р·Р°РїСѓСЃРє...
2025-08-21 20:06:36,127 - INFO - рџЋЁ Р—Р°РіСЂСѓР¶Р°СЋ РёРєРѕРЅРєРё...
2025-08-21 20:06:36,156 - INFO - РРєРѕРЅРєРё СѓСЃРїРµС€РЅРѕ Р·Р°РіСЂСѓР¶РµРЅС‹
2025-08-21 20:06:36,156 - INFO - вњ… РРєРѕРЅРєРё Р·Р°РіСЂСѓР¶РµРЅС‹
2025-08-21 20:06:36,156 - INFO - рџ“± РЎРѕР·РґР°СЋ РёРєРѕРЅРєСѓ РІ СЃРёСЃС‚РµРјРЅРѕРј С‚СЂРµРµ...
2025-08-21 20:06:36,156 - INFO - вњ… РРєРѕРЅРєР° С‚СЂРµСЏ СЃРѕР·РґР°РЅР°
2025-08-21 20:06:36,156 - INFO - рџ”„ Р—Р°РїСѓСЃРєР°СЋ РїРѕС‚РѕРє РїСЂРѕРІРµСЂРєРё СЃС‚Р°С‚СѓСЃР°...
2025-08-21 20:06:36,156 - INFO - вњ… РџРѕС‚РѕРє РїСЂРѕРІРµСЂРєРё СЃС‚Р°С‚СѓСЃР° Р·Р°РїСѓС‰РµРЅ
2025-08-21 20:06:36,156 - INFO - рџ”„ РРЅРёС†РёРёСЂСѓСЋ РїСЂРѕРІРµСЂРєСѓ РѕР±РЅРѕРІР»РµРЅРёР№ РїСЂРё Р·Р°РїСѓСЃРєРµ...
2025-08-21 20:06:36,156 - INFO - рџ”„ Р—Р°РїСѓСЃРєР°СЋ Р°РІС‚РѕРјР°С‚РёС‡РµСЃРєСѓСЋ РїСЂРѕРІРµСЂРєСѓ РѕР±РЅРѕРІР»РµРЅРёР№ РїСЂРё Р·Р°РїСѓСЃРєРµ...
2025-08-21 20:06:36,197 - INFO - вњ… РџСЂРѕРІРµСЂРєР° РѕР±РЅРѕРІР»РµРЅРёР№ РёРЅРёС†РёРёСЂРѕРІР°РЅР° СѓСЃРїРµС€РЅРѕ
2025-08-21 20:06:36,228 - INFO - рџЋЇ РџСЂРёР»РѕР¶РµРЅРёРµ РїРѕР»РЅРѕСЃС‚СЊСЋ Р·Р°РїСѓС‰РµРЅРѕ Рё СЃРІРµСЂРЅСѓС‚Рѕ РІ С‚СЂРµР№.
2025-08-21 20:06:38,183 - INFO - рџ”Ќ Р§РёС‚Р°СЋ РІРµСЂСЃРёСЋ РёР· СЂРµРµСЃС‚СЂР°: Software\ALFiX inc.\GoodbyeZapret\GoodbyeZapret_Version
2025-08-21 20:06:38,183 - INFO - вњ… Р’РµСЂСЃРёСЏ РёР· СЂРµРµСЃС‚СЂР°: 2.3.1.02
2025-08-21 20:06:38,404 - INFO - рџЊђ РћС‚РїСЂР°РІР»СЏСЋ Р·Р°РїСЂРѕСЃ Рє GitHub: https://raw.githubusercontent.com/ALFiX01/GoodbyeZapret/main/GoodbyeZapret_Version
2025-08-21 20:06:38,719 - INFO - рџ“Ґ РџРѕР»СѓС‡РµРЅ РѕС‚РІРµС‚ РѕС‚ GitHub, СЂР°Р·РјРµСЂ: 106 СЃРёРјРІРѕР»РѕРІ
2025-08-21 20:06:38,720 - INFO - вњ… РР·РІР»РµС‡РµРЅР° РІРµСЂСЃРёСЏ РёР· GitHub: 2.3.01
2025-08-21 20:06:38,720 - INFO - вњ… РџСЂРёР»РѕР¶РµРЅРёРµ РѕР±РЅРѕРІР»РµРЅРѕ РґРѕ РїРѕСЃР»РµРґРЅРµР№ РІРµСЂСЃРёРё: 2.3.1.02
2025-08-21 20:06:41,481 - INFO - рџ”Ќ Р§РёС‚Р°СЋ РІРµСЂСЃРёСЋ РёР· СЂРµРµСЃС‚СЂР°: Software\ALFiX inc.\GoodbyeZapret\GoodbyeZapret_Version
2025-08-21 20:06:41,481 - INFO - вњ… Р’РµСЂСЃРёСЏ РёР· СЂРµРµСЃС‚СЂР°: 2.3.1.02
2025-08-21 20:06:41,651 - INFO - рџЊђ РћС‚РїСЂР°РІР»СЏСЋ Р·Р°РїСЂРѕСЃ Рє GitHub: https://raw.githubusercontent.com/ALFiX01/GoodbyeZapret/main/GoodbyeZapret_Version
2025-08-21 20:06:41,788 - INFO - рџ“Ґ РџРѕР»СѓС‡РµРЅ РѕС‚РІРµС‚ РѕС‚ GitHub, СЂР°Р·РјРµСЂ: 106 СЃРёРјРІРѕР»РѕРІ
2025-08-21 20:06:41,788 - INFO - вњ… РР·РІР»РµС‡РµРЅР° РІРµСЂСЃРёСЏ РёР· GitHub: 2.3.01
2025-08-21 20:07:05,316 - INFO - рџ”Ќ Р§РёС‚Р°СЋ РІРµСЂСЃРёСЋ РёР· СЂРµРµСЃС‚СЂР°: Software\ALFiX inc.\GoodbyeZapret\GoodbyeZapret_Version
2025-08-21 20:07:05,316 - INFO - вњ… Р’РµСЂСЃРёСЏ РёР· СЂРµРµСЃС‚СЂР°: 2.3.1.02
2025-08-21 20:07:05,349 - ERROR - РћС€РёР±РєР° РїСЂРё СЂСѓС‡РЅРѕР№ РїСЂРѕРІРµСЂРєРµ РѕР±РЅРѕРІР»РµРЅРёР№: grab failed: another application has grab
2025-08-21 20:07:08,676 - INFO - рџ”Ќ Р§РёС‚Р°СЋ РІРµСЂСЃРёСЋ РёР· СЂРµРµСЃС‚СЂР°: Software\ALFiX inc.\GoodbyeZapret\GoodbyeZapret_Version
2025-08-21 20:07:08,676 - INFO - вњ… Р’РµСЂСЃРёСЏ РёР· СЂРµРµСЃС‚СЂР°: 2.3.1.02
2025-08-21 20:07:08,704 - ERROR - РћС€РёР±РєР° РїСЂРё СЂСѓС‡РЅРѕР№ РїСЂРѕРІРµСЂРєРµ РѕР±РЅРѕРІР»РµРЅРёР№: grab failed: another application has grab
2025-08-21 20:07:14,792 - INFO - рџ”§ Р›РѕРіРёСЂРѕРІР°РЅРёРµ РЅР°СЃС‚СЂРѕРµРЅРѕ СѓСЃРїРµС€РЅРѕ
2025-08-21 20:07:14,792 - INFO - рџљЂ Р—Р°РїСѓСЃРє РїСЂРёР»РѕР¶РµРЅРёСЏ GoodbyeZapretTray...
2025-08-21 20:07:14,793 - INFO - вњ… РњСЊСЋС‚РµРєСЃ РїРѕР»СѓС‡РµРЅ, РїСЂРѕРґРѕР»Р¶Р°СЋ Р·Р°РїСѓСЃРє...
2025-08-21 20:07:14,793 - INFO - рџЋЁ Р—Р°РіСЂСѓР¶Р°СЋ РёРєРѕРЅРєРё...
2025-08-21 20:07:14,821 - INFO - РРєРѕРЅРєРё СѓСЃРїРµС€РЅРѕ Р·Р°РіСЂСѓР¶РµРЅС‹
2025-08-21 20:07:14,821 - INFO - вњ… РРєРѕРЅРєРё Р·Р°РіСЂСѓР¶РµРЅС‹
2025-08-21 20:07:14,821 - INFO - рџ“± РЎРѕР·РґР°СЋ РёРєРѕРЅРєСѓ РІ СЃРёСЃС‚РµРјРЅРѕРј С‚СЂРµРµ...
2025-08-21 20:07:14,821 - INFO - вњ… РРєРѕРЅРєР° С‚СЂРµСЏ СЃРѕР·РґР°РЅР°
2025-08-21 20:07:14,822 - INFO - рџ”„ Р—Р°РїСѓСЃРєР°СЋ РїРѕС‚РѕРє РїСЂРѕРІРµСЂРєРё СЃС‚Р°С‚СѓСЃР°...
2025-08-21 20:07:14,822 - INFO - вњ… РџРѕС‚РѕРє РїСЂРѕРІРµСЂРєРё СЃС‚Р°С‚СѓСЃР° Р·Р°РїСѓС‰РµРЅ
2025-08-21 20:07:14,822 - INFO - рџ”„ РРЅРёС†РёРёСЂСѓСЋ РїСЂРѕРІРµСЂРєСѓ РѕР±РЅРѕРІР»РµРЅРёР№ РїСЂРё Р·Р°РїСѓСЃРєРµ...
2025-08-21 20:07:14,822 - INFO - рџ”„ Р—Р°РїСѓСЃРєР°СЋ Р°РІС‚РѕРјР°С‚РёС‡РµСЃРєСѓСЋ РїСЂРѕРІРµСЂРєСѓ РѕР±РЅРѕРІР»РµРЅРёР№ РїСЂРё Р·Р°РїСѓСЃРєРµ...
2025-08-21 20:07:14,874 - INFO - вњ… РџСЂРѕРІРµСЂРєР° РѕР±РЅРѕРІР»РµРЅРёР№ РёРЅРёС†РёРёСЂРѕРІР°РЅР° СѓСЃРїРµС€РЅРѕ
2025-08-21 20:07:14,906 - INFO - рџЋЇ РџСЂРёР»РѕР¶РµРЅРёРµ РїРѕР»РЅРѕСЃС‚СЊСЋ Р·Р°РїСѓС‰РµРЅРѕ Рё СЃРІРµСЂРЅСѓС‚Рѕ РІ С‚СЂРµР№.
2025-08-21 20:07:16,852 - INFO - рџ”Ќ Р§РёС‚Р°СЋ РІРµСЂСЃРёСЋ РёР· СЂРµРµСЃС‚СЂР°: Software\ALFiX inc.\GoodbyeZapret\GoodbyeZapret_Version
2025-08-21 20:07:16,852 - INFO - вњ… Р’РµСЂСЃРёСЏ РёР· СЂРµРµСЃС‚СЂР°: 2.3.1.02
2025-08-21 20:07:17,084 - INFO - рџЊђ РћС‚РїСЂР°РІР»СЏСЋ Р·Р°РїСЂРѕСЃ Рє GitHub: https://raw.githubusercontent.com/ALFiX01/GoodbyeZapret/main/GoodbyeZapret_Version
2025-08-21 20:07:17,216 - INFO - рџ“Ґ РџРѕР»СѓС‡РµРЅ РѕС‚РІРµС‚ РѕС‚ GitHub, СЂР°Р·РјРµСЂ: 106 СЃРёРјРІРѕР»РѕРІ
2025-08-21 20:07:17,216 - INFO - вњ… РР·РІР»РµС‡РµРЅР° РІРµСЂСЃРёСЏ РёР· GitHub: 2.3.01
2025-08-21 20:07:17,216 - INFO - вњ… РџСЂРёР»РѕР¶РµРЅРёРµ РѕР±РЅРѕРІР»РµРЅРѕ РґРѕ РїРѕСЃР»РµРґРЅРµР№ РІРµСЂСЃРёРё: 2.3.1.02
2025-08-21 20:07:25,307 - INFO - рџ”Ќ Р§РёС‚Р°СЋ РІРµСЂСЃРёСЋ РёР· СЂРµРµСЃС‚СЂР°: Software\ALFiX inc.\GoodbyeZapret\GoodbyeZapret_Version
2025-08-21 20:07:25,307 - INFO - вњ… Р’РµСЂСЃРёСЏ РёР· СЂРµРµСЃС‚СЂР°: 2.3.1.02
2025-08-21 20:07:25,478 - INFO - рџЊђ РћС‚РїСЂР°РІР»СЏСЋ Р·Р°РїСЂРѕСЃ Рє GitHub: https://raw.githubusercontent.com/ALFiX01/GoodbyeZapret/main/GoodbyeZapret_Version
2025-08-21 20:07:25,614 - INFO - рџ“Ґ РџРѕР»СѓС‡РµРЅ РѕС‚РІРµС‚ РѕС‚ GitHub, СЂР°Р·РјРµСЂ: 106 СЃРёРјРІРѕР»РѕРІ
2025-08-21 20:07:25,614 - INFO - вњ… РР·РІР»РµС‡РµРЅР° РІРµСЂСЃРёСЏ РёР· GitHub: 2.3.01
2025-08-21 20:09:57,437 - INFO - рџ”§ Р›РѕРіРёСЂРѕРІР°РЅРёРµ РЅР°СЃС‚СЂРѕРµРЅРѕ СѓСЃРїРµС€РЅРѕ
2025-08-21 20:09:57,437 - INFO - рџљЂ Р—Р°РїСѓСЃРє РїСЂРёР»РѕР¶РµРЅРёСЏ GoodbyeZapretTray...
2025-08-21 20:09:57,437 - INFO - вњ… РњСЊСЋС‚РµРєСЃ РїРѕР»СѓС‡РµРЅ, РїСЂРѕРґРѕР»Р¶Р°СЋ Р·Р°РїСѓСЃРє...
2025-08-21 20:09:57,437 - INFO - рџЋЁ Р—Р°РіСЂСѓР¶Р°СЋ РёРєРѕРЅРєРё...
2025-08-21 20:09:57,465 - INFO - РРєРѕРЅРєРё СѓСЃРїРµС€РЅРѕ Р·Р°РіСЂСѓР¶РµРЅС‹
2025-08-21 20:09:57,465 - INFO - вњ… РРєРѕРЅРєРё Р·Р°РіСЂСѓР¶РµРЅС‹
2025-08-21 20:09:57,465 - INFO - рџ“± РЎРѕР·РґР°СЋ РёРєРѕРЅРєСѓ РІ СЃРёСЃС‚РµРјРЅРѕРј С‚СЂРµРµ...
2025-08-21 20:09:57,466 - INFO - вњ… РРєРѕРЅРєР° С‚СЂРµСЏ СЃРѕР·РґР°РЅР°
2025-08-21 20:09:57,466 - INFO - рџ”„ Р—Р°РїСѓСЃРєР°СЋ РїРѕС‚РѕРє РїСЂРѕРІРµСЂРєРё СЃС‚Р°С‚СѓСЃР°...
2025-08-21 20:09:57,466 - INFO - вњ… РџРѕС‚РѕРє РїСЂРѕРІРµСЂРєРё СЃС‚Р°С‚СѓСЃР° Р·Р°РїСѓС‰РµРЅ
2025-08-21 20:09:57,466 - INFO - рџ”„ РРЅРёС†РёРёСЂСѓСЋ РїСЂРѕРІРµСЂРєСѓ РѕР±РЅРѕРІР»РµРЅРёР№ РїСЂРё Р·Р°РїСѓСЃРєРµ...
2025-08-21 20:09:57,466 - INFO - рџ”„ Р—Р°РїСѓСЃРєР°СЋ Р°РІС‚РѕРјР°С‚РёС‡РµСЃРєСѓСЋ РїСЂРѕРІРµСЂРєСѓ РѕР±РЅРѕРІР»РµРЅРёР№ РїСЂРё Р·Р°РїСѓСЃРєРµ...
2025-08-21 20:09:57,478 - INFO - рџљЂ Р Р°Р±РѕС‡РёР№ РїРѕС‚РѕРє РїСЂРѕРІРµСЂРєРё РѕР±РЅРѕРІР»РµРЅРёР№ Р·Р°РїСѓС‰РµРЅ
2025-08-21 20:09:57,493 - INFO - вњ… РџРѕС‚РѕРє РїСЂРѕРІРµСЂРєРё РѕР±РЅРѕРІР»РµРЅРёР№ Р·Р°РїСѓС‰РµРЅ
2025-08-21 20:09:57,510 - INFO - вЏі РћР¶РёРґР°СЋ 2 СЃРµРєСѓРЅРґС‹ РґР»СЏ СЃС‚Р°Р±РёР»РёР·Р°С†РёРё РїСЂРёР»РѕР¶РµРЅРёСЏ...
2025-08-21 20:09:57,540 - INFO - вњ… РџСЂРѕРІРµСЂРєР° РѕР±РЅРѕРІР»РµРЅРёР№ РёРЅРёС†РёРёСЂРѕРІР°РЅР° СѓСЃРїРµС€РЅРѕ
2025-08-21 20:09:57,555 - INFO - рџЋЇ РџСЂРёР»РѕР¶РµРЅРёРµ РїРѕР»РЅРѕСЃС‚СЊСЋ Р·Р°РїСѓС‰РµРЅРѕ Рё СЃРІРµСЂРЅСѓС‚Рѕ РІ С‚СЂРµР№.
2025-08-21 20:09:59,566 - INFO - рџ“‹ РџСЂРѕРІРµСЂСЏСЋ С‚РµРєСѓС‰СѓСЋ РІРµСЂСЃРёСЋ РІ СЂРµРµСЃС‚СЂРµ...
2025-08-21 20:09:59,566 - INFO - рџ”Ќ Р§РёС‚Р°СЋ РІРµСЂСЃРёСЋ РёР· СЂРµРµСЃС‚СЂР°: Software\ALFiX inc.\GoodbyeZapret\GoodbyeZapret_Version
2025-08-21 20:09:59,567 - INFO - вњ… Р’РµСЂСЃРёСЏ РёР· СЂРµРµСЃС‚СЂР°: 2.3.1.02
2025-08-21 20:09:59,567 - INFO - рџ“‹ РўРµРєСѓС‰Р°СЏ РІРµСЂСЃРёСЏ: 2.3.1.02
2025-08-21 20:09:59,567 - INFO - рџЊђ РџСЂРѕРІРµСЂСЏСЋ РїРѕРґРєР»СЋС‡РµРЅРёРµ Рє РёРЅС‚РµСЂРЅРµС‚Сѓ...
2025-08-21 20:09:59,697 - INFO - вњ… РРЅС‚РµСЂРЅРµС‚ РґРѕСЃС‚СѓРїРµРЅ, РїСЂРѕРІРµСЂСЏСЋ РѕР±РЅРѕРІР»РµРЅРёСЏ РЅР° GitHub...
2025-08-21 20:09:59,802 - INFO - рџЊђ РћС‚РїСЂР°РІР»СЏСЋ Р·Р°РїСЂРѕСЃ Рє GitHub: https://raw.githubusercontent.com/ALFiX01/GoodbyeZapret/main/GoodbyeZapret_Version
2025-08-21 20:09:59,943 - INFO - рџ“Ґ РџРѕР»СѓС‡РµРЅ РѕС‚РІРµС‚ РѕС‚ GitHub, СЂР°Р·РјРµСЂ: 106 СЃРёРјРІРѕР»РѕРІ
2025-08-21 20:09:59,944 - INFO - вњ… РР·РІР»РµС‡РµРЅР° РІРµСЂСЃРёСЏ РёР· GitHub: 2.3.01
2025-08-21 20:09:59,944 - INFO - рџ“¦ Р”РѕСЃС‚СѓРїРЅР°СЏ РІРµСЂСЃРёСЏ РЅР° GitHub: 2.3.01
2025-08-21 20:09:59,944 - INFO - вњ… РџСЂРёР»РѕР¶РµРЅРёРµ РѕР±РЅРѕРІР»РµРЅРѕ РґРѕ РїРѕСЃР»РµРґРЅРµР№ РІРµСЂСЃРёРё: 2.3.1.02
2025-08-21 20:10:02,098 - INFO - рџ”Ќ Р§РёС‚Р°СЋ РІРµСЂСЃРёСЋ РёР· СЂРµРµСЃС‚СЂР°: Software\ALFiX inc.\GoodbyeZapret\GoodbyeZapret_Version
2025-08-21 20:10:02,098 - INFO - вњ… Р’РµСЂСЃРёСЏ РёР· СЂРµРµСЃС‚СЂР°: 2.3.1.02
2025-08-21 20:10:02,255 - INFO - рџЊђ РћС‚РїСЂР°РІР»СЏСЋ Р·Р°РїСЂРѕСЃ Рє GitHub: https://raw.githubusercontent.com/ALFiX01/GoodbyeZapret/main/GoodbyeZapret_Version
2025-08-21 20:10:02,380 - INFO - рџ“Ґ РџРѕР»СѓС‡РµРЅ РѕС‚РІРµС‚ РѕС‚ GitHub, СЂР°Р·РјРµСЂ: 106 СЃРёРјРІРѕР»РѕРІ
2025-08-21 20:10:02,380 - INFO - вњ… РР·РІР»РµС‡РµРЅР° РІРµСЂСЃРёСЏ РёР· GitHub: 2.3.01
2025-08-21 20:10:02,413 - ERROR - РћС€РёР±РєР° РїСЂРё РѕС‚РѕР±СЂР°Р¶РµРЅРёРё СѓРІРµРґРѕРјР»РµРЅРёСЏ РѕР± РѕР±РЅРѕРІР»РµРЅРёРё: unknown color name "transparent"
2025-08-21 20:10:06,918 - ERROR - Р¤Р°Р№Р» РЅРµ РЅР°Р№РґРµРЅ: C:\Users\Daniil\GoodbyeZapretTray\Updater.exe
2025-08-21 20:10:26,995 - INFO - рџ”§ Р›РѕРіРёСЂРѕРІР°РЅРёРµ РЅР°СЃС‚СЂРѕРµРЅРѕ СѓСЃРїРµС€РЅРѕ
2025-08-21 20:10:26,995 - INFO - рџљЂ Р—Р°РїСѓСЃРє РїСЂРёР»РѕР¶РµРЅРёСЏ GoodbyeZapretTray...
2025-08-21 20:10:26,995 - INFO - вњ… РњСЊСЋС‚РµРєСЃ РїРѕР»СѓС‡РµРЅ, РїСЂРѕРґРѕР»Р¶Р°СЋ Р·Р°РїСѓСЃРє...
2025-08-21 20:10:26,995 - INFO - рџЋЁ Р—Р°РіСЂСѓР¶Р°СЋ РёРєРѕРЅРєРё...
2025-08-21 20:10:27,023 - INFO - РРєРѕРЅРєРё СѓСЃРїРµС€РЅРѕ Р·Р°РіСЂСѓР¶РµРЅС‹
2025-08-21 20:10:27,023 - INFO - вњ… РРєРѕРЅРєРё Р·Р°РіСЂСѓР¶РµРЅС‹
2025-08-21 20:10:27,023 - INFO - рџ“± РЎРѕР·РґР°СЋ РёРєРѕРЅРєСѓ РІ СЃРёСЃС‚РµРјРЅРѕРј С‚СЂРµРµ...
2025-08-21 20:10:27,023 - INFO - вњ… РРєРѕРЅРєР° С‚СЂРµСЏ СЃРѕР·РґР°РЅР°
2025-08-21 20:10:27,023 - INFO - рџ”„ Р—Р°РїСѓСЃРєР°СЋ РїРѕС‚РѕРє РїСЂРѕРІРµСЂРєРё СЃС‚Р°С‚СѓСЃР°...
2025-08-21 20:10:27,024 - INFO - вњ… РџРѕС‚РѕРє РїСЂРѕРІРµСЂРєРё СЃС‚Р°С‚СѓСЃР° Р·Р°РїСѓС‰РµРЅ
2025-08-21 20:10:27,024 - INFO - рџ”„ РРЅРёС†РёРёСЂСѓСЋ РїСЂРѕРІРµСЂРєСѓ РѕР±РЅРѕРІР»РµРЅРёР№ РїСЂРё Р·Р°РїСѓСЃРєРµ...
2025-08-21 20:10:27,024 - INFO - рџ”„ Р—Р°РїСѓСЃРєР°СЋ Р°РІС‚РѕРјР°С‚РёС‡РµСЃРєСѓСЋ РїСЂРѕРІРµСЂРєСѓ РѕР±РЅРѕРІР»РµРЅРёР№ РїСЂРё Р·Р°РїСѓСЃРєРµ...
2025-08-21 20:10:27,024 - INFO - рџљЂ Р Р°Р±РѕС‡РёР№ РїРѕС‚РѕРє РїСЂРѕРІРµСЂРєРё РѕР±РЅРѕРІР»РµРЅРёР№ Р·Р°РїСѓС‰РµРЅ
2025-08-21 20:10:27,025 - INFO - вњ… РџРѕС‚РѕРє РїСЂРѕРІРµСЂРєРё РѕР±РЅРѕРІР»РµРЅРёР№ Р·Р°РїСѓС‰РµРЅ
2025-08-21 20:10:27,025 - INFO - вЏі РћР¶РёРґР°СЋ 2 СЃРµРєСѓРЅРґС‹ РґР»СЏ СЃС‚Р°Р±РёР»РёР·Р°С†РёРё РїСЂРёР»РѕР¶РµРЅРёСЏ...
2025-08-21 20:10:27,050 - INFO - вњ… РџСЂРѕРІРµСЂРєР° РѕР±РЅРѕРІР»РµРЅРёР№ РёРЅРёС†РёРёСЂРѕРІР°РЅР° СѓСЃРїРµС€РЅРѕ
2025-08-21 20:10:27,112 - INFO - рџЋЇ РџСЂРёР»РѕР¶РµРЅРёРµ РїРѕР»РЅРѕСЃС‚СЊСЋ Р·Р°РїСѓС‰РµРЅРѕ Рё СЃРІРµСЂРЅСѓС‚Рѕ РІ С‚СЂРµР№.
2025-08-21 20:10:29,018 - INFO - рџ”Ќ Р§РёС‚Р°СЋ РІРµСЂСЃРёСЋ РёР· СЂРµРµСЃС‚СЂР°: Software\ALFiX inc.\GoodbyeZapret\GoodbyeZapret_Version
2025-08-21 20:10:29,019 - INFO - вњ… Р’РµСЂСЃРёСЏ РёР· СЂРµРµСЃС‚СЂР°: 2.3.1.02
2025-08-21 20:10:29,093 - INFO - рџ“‹ РџСЂРѕРІРµСЂСЏСЋ С‚РµРєСѓС‰СѓСЋ РІРµСЂСЃРёСЋ РІ СЂРµРµСЃС‚СЂРµ...
2025-08-21 20:10:29,093 - INFO - рџ”Ќ Р§РёС‚Р°СЋ РІРµСЂСЃРёСЋ РёР· СЂРµРµСЃС‚СЂР°: Software\ALFiX inc.\GoodbyeZapret\GoodbyeZapret_Version
2025-08-21 20:10:29,093 - INFO - вњ… Р’РµСЂСЃРёСЏ РёР· СЂРµРµСЃС‚СЂР°: 2.3.1.02
2025-08-21 20:10:29,093 - INFO - рџ“‹ РўРµРєСѓС‰Р°СЏ РІРµСЂСЃРёСЏ: 2.3.1.02
2025-08-21 20:10:29,093 - INFO - рџЊђ РџСЂРѕРІРµСЂСЏСЋ РїРѕРґРєР»СЋС‡РµРЅРёРµ Рє РёРЅС‚РµСЂРЅРµС‚Сѓ...
2025-08-21 20:10:29,158 - INFO - рџЊђ РћС‚РїСЂР°РІР»СЏСЋ Р·Р°РїСЂРѕСЃ Рє GitHub: https://raw.githubusercontent.com/ALFiX01/GoodbyeZapret/main/GoodbyeZapret_Version
2025-08-21 20:10:29,205 - INFO - вњ… РРЅС‚РµСЂРЅРµС‚ РґРѕСЃС‚СѓРїРµРЅ, РїСЂРѕРІРµСЂСЏСЋ РѕР±РЅРѕРІР»РµРЅРёСЏ РЅР° GitHub...
2025-08-21 20:10:29,291 - INFO - рџ“Ґ РџРѕР»СѓС‡РµРЅ РѕС‚РІРµС‚ РѕС‚ GitHub, СЂР°Р·РјРµСЂ: 106 СЃРёРјРІРѕР»РѕРІ
2025-08-21 20:10:29,291 - INFO - вњ… РР·РІР»РµС‡РµРЅР° РІРµСЂСЃРёСЏ РёР· GitHub: 2.3.01
2025-08-21 20:10:29,323 - INFO - рџЊђ РћС‚РїСЂР°РІР»СЏСЋ Р·Р°РїСЂРѕСЃ Рє GitHub: https://raw.githubusercontent.com/ALFiX01/GoodbyeZapret/main/GoodbyeZapret_Version
2025-08-21 20:10:29,326 - ERROR - РћС€РёР±РєР° РїСЂРё РѕС‚РѕР±СЂР°Р¶РµРЅРёРё СѓРІРµРґРѕРјР»РµРЅРёСЏ РѕР± РѕР±РЅРѕРІР»РµРЅРёРё: unknown color name "transparent"
2025-08-21 20:10:29,461 - INFO - рџ“Ґ РџРѕР»СѓС‡РµРЅ РѕС‚РІРµС‚ РѕС‚ GitHub, СЂР°Р·РјРµСЂ: 106 СЃРёРјРІРѕР»РѕРІ
2025-08-21 20:10:29,461 - INFO - вњ… РР·РІР»РµС‡РµРЅР° РІРµСЂСЃРёСЏ РёР· GitHub: 2.3.01
2025-08-21 20:10:29,461 - INFO - рџ“¦ Р”РѕСЃС‚СѓРїРЅР°СЏ РІРµСЂСЃРёСЏ РЅР° GitHub: 2.3.01
2025-08-21 20:10:29,461 - INFO - вњ… РџСЂРёР»РѕР¶РµРЅРёРµ РѕР±РЅРѕРІР»РµРЅРѕ РґРѕ РїРѕСЃР»РµРґРЅРµР№ РІРµСЂСЃРёРё: 2.3.1.02
2025-08-21 20:10:30,286 - ERROR - Р¤Р°Р№Р» РЅРµ РЅР°Р№РґРµРЅ: C:\Users\Daniil\GoodbyeZapretTray\Updater.exe
2025-08-21 20:10:31,104 - ERROR - An error occurred when calling message handler
Traceback (most recent call last):
  File "C:\Users\Daniil\DriverFinder\.venv\lib\site-packages\pystray\_win32.py", line 412, in _dispatcher
    return int(icon._message_handlers.get(
  File "C:\Users\Daniil\DriverFinder\.venv\lib\site-packages\pystray\_win32.py", line 224, in _on_notify
    descriptors[index - 1](self)
  File "C:\Users\Daniil\DriverFinder\.venv\lib\site-packages\pystray\_base.py", line 328, in inner
    callback(self)
  File "C:\Users\Daniil\DriverFinder\.venv\lib\site-packages\pystray\_base.py", line 453, in __call__
    return self._action(icon, self)
  File "C:\Users\Daniil\GoodbyeZapretTray\update_checker.py", line 628, in check_updates_manually
    progress_dialog.mainloop()
  File "C:\Users\Daniil\AppData\Local\Programs\Python\Python39\lib\tkinter\__init__.py", line 1422, in mainloop
    self.tk.mainloop(n)
KeyboardInterrupt
2025-08-21 20:13:23,606 - INFO - рџ”§ Р›РѕРіРёСЂРѕРІР°РЅРёРµ РЅР°СЃС‚СЂРѕРµРЅРѕ СѓСЃРїРµС€РЅРѕ
2025-08-21 20:13:23,606 - INFO - рџљЂ Р—Р°РїСѓСЃРє РїСЂРёР»РѕР¶РµРЅРёСЏ GoodbyeZapretTray...
2025-08-21 20:13:23,606 - INFO - вњ… РњСЊСЋС‚РµРєСЃ РїРѕР»СѓС‡РµРЅ, РїСЂРѕРґРѕР»Р¶Р°СЋ Р·Р°РїСѓСЃРє...
2025-08-21 20:13:23,606 - INFO - рџЋЁ Р—Р°РіСЂСѓР¶Р°СЋ РёРєРѕРЅРєРё...
2025-08-21 20:13:23,633 - INFO - РРєРѕРЅРєРё СѓСЃРїРµС€РЅРѕ Р·Р°РіСЂСѓР¶РµРЅС‹
2025-08-21 20:13:23,633 - INFO - вњ… РРєРѕРЅРєРё Р·Р°РіСЂСѓР¶РµРЅС‹
2025-08-21 20:13:23,633 - INFO - рџ“± РЎРѕР·РґР°СЋ РёРєРѕРЅРєСѓ РІ СЃРёСЃС‚РµРјРЅРѕРј С‚СЂРµРµ...
2025-08-21 20:13:23,633 - INFO - вњ… РРєРѕРЅРєР° С‚СЂРµСЏ СЃРѕР·РґР°РЅР°
2025-08-21 20:13:23,633 - INFO - рџ”„ Р—Р°РїСѓСЃРєР°СЋ РїРѕС‚РѕРє РїСЂРѕРІРµСЂРєРё СЃС‚Р°С‚СѓСЃР°...
2025-08-21 20:13:23,634 - INFO - вњ… РџРѕС‚РѕРє РїСЂРѕРІРµСЂРєРё СЃС‚Р°С‚СѓСЃР° Р·Р°РїСѓС‰РµРЅ
2025-08-21 20:13:23,634 - INFO - рџ”„ РРЅРёС†РёРёСЂСѓСЋ РїСЂРѕРІРµСЂРєСѓ РѕР±РЅРѕРІР»РµРЅРёР№ РїСЂРё Р·Р°РїСѓСЃРєРµ...
2025-08-21 20:13:23,634 - INFO - рџ”„ Р—Р°РїСѓСЃРєР°СЋ Р°РІС‚РѕРјР°С‚РёС‡РµСЃРєСѓСЋ РїСЂРѕРІРµСЂРєСѓ РѕР±РЅРѕРІР»РµРЅРёР№ РїСЂРё Р·Р°РїСѓСЃРєРµ...
2025-08-21 20:13:23,648 - INFO - рџљЂ Р Р°Р±РѕС‡РёР№ РїРѕС‚РѕРє РїСЂРѕРІРµСЂРєРё РѕР±РЅРѕРІР»РµРЅРёР№ Р·Р°РїСѓС‰РµРЅ
2025-08-21 20:13:23,666 - INFO - вЏі РћР¶РёРґР°СЋ 2 СЃРµРєСѓРЅРґС‹ РґР»СЏ СЃС‚Р°Р±РёР»РёР·Р°С†РёРё РїСЂРёР»РѕР¶РµРЅРёСЏ...
2025-08-21 20:13:23,681 - INFO - вњ… РџРѕС‚РѕРє РїСЂРѕРІРµСЂРєРё РѕР±РЅРѕРІР»РµРЅРёР№ Р·Р°РїСѓС‰РµРЅ
2025-08-21 20:13:23,723 - INFO - вњ… РџСЂРѕРІРµСЂРєР° РѕР±РЅРѕРІР»РµРЅРёР№ РёРЅРёС†РёРёСЂРѕРІР°РЅР° СѓСЃРїРµС€РЅРѕ
2025-08-21 20:13:23,723 - INFO - рџЋЇ РџСЂРёР»РѕР¶РµРЅРёРµ РїРѕР»РЅРѕСЃС‚СЊСЋ Р·Р°РїСѓС‰РµРЅРѕ Рё СЃРІРµСЂРЅСѓС‚Рѕ РІ С‚СЂРµР№.
2025-08-21 20:13:25,705 - INFO - рџ“‹ РџСЂРѕРІРµСЂСЏСЋ С‚РµРєСѓС‰СѓСЋ РІРµСЂСЃРёСЋ РІ СЂРµРµСЃС‚СЂРµ...
2025-08-21 20:13:25,706 - INFO - рџ”Ќ Р§РёС‚Р°СЋ РІРµСЂСЃРёСЋ РёР· СЂРµРµСЃС‚СЂР°: Software\ALFiX inc.\GoodbyeZapret\GoodbyeZapret_Version
2025-08-21 20:13:25,706 - INFO - вњ… Р’РµСЂСЃРёСЏ РёР· СЂРµРµСЃС‚СЂР°: 2.3.1.02
2025-08-21 20:13:25,706 - INFO - рџ“‹ РўРµРєСѓС‰Р°СЏ РІРµСЂСЃРёСЏ: 2.3.1.02
2025-08-21 20:13:25,706 - INFO - рџЊђ РџСЂРѕРІРµСЂСЏСЋ РїРѕРґРєР»СЋС‡РµРЅРёРµ Рє РёРЅС‚РµСЂРЅРµС‚Сѓ...
2025-08-21 20:13:25,786 - INFO - рџ”Ќ Р§РёС‚Р°СЋ РІРµСЂСЃРёСЋ РёР· СЂРµРµСЃС‚СЂР°: Software\ALFiX inc.\GoodbyeZapret\GoodbyeZapret_Version
2025-08-21 20:13:25,787 - INFO - вњ… Р’РµСЂСЃРёСЏ РёР· СЂРµРµСЃС‚СЂР°: 2.3.1.02
2025-08-21 20:13:25,820 - INFO - вњ… РРЅС‚РµСЂРЅРµС‚ РґРѕСЃС‚СѓРїРµРЅ, РїСЂРѕРІРµСЂСЏСЋ РѕР±РЅРѕРІР»РµРЅРёСЏ РЅР° GitHub...
2025-08-21 20:13:25,919 - INFO - рџЊђ РћС‚РїСЂР°РІР»СЏСЋ Р·Р°РїСЂРѕСЃ Рє GitHub: https://raw.githubusercontent.com/ALFiX01/GoodbyeZapret/main/GoodbyeZapret_Version
2025-08-21 20:13:25,922 - INFO - рџЊђ РћС‚РїСЂР°РІР»СЏСЋ Р·Р°РїСЂРѕСЃ Рє GitHub: https://raw.githubusercontent.com/ALFiX01/GoodbyeZapret/main/GoodbyeZapret_Version
2025-08-21 20:13:26,167 - INFO - рџ“Ґ РџРѕР»СѓС‡РµРЅ РѕС‚РІРµС‚ РѕС‚ GitHub, СЂР°Р·РјРµСЂ: 106 СЃРёРјРІРѕР»РѕРІ
2025-08-21 20:13:26,167 - INFO - вњ… РР·РІР»РµС‡РµРЅР° РІРµСЂСЃРёСЏ РёР· GitHub: 2.3.01
2025-08-21 20:13:26,168 - INFO - рџ“Ґ РџРѕР»СѓС‡РµРЅ РѕС‚РІРµС‚ РѕС‚ GitHub, СЂР°Р·РјРµСЂ: 106 СЃРёРјРІРѕР»РѕРІ
2025-08-21 20:13:26,169 - INFO - вњ… РР·РІР»РµС‡РµРЅР° РІРµСЂСЃРёСЏ РёР· GitHub: 2.3.01
2025-08-21 20:13:26,169 - INFO - рџ“¦ Р”РѕСЃС‚СѓРїРЅР°СЏ РІРµСЂСЃРёСЏ РЅР° GitHub: 2.3.01
2025-08-21 20:13:26,169 - INFO - вњ… РџСЂРёР»РѕР¶РµРЅРёРµ РѕР±РЅРѕРІР»РµРЅРѕ РґРѕ РїРѕСЃР»РµРґРЅРµР№ РІРµСЂСЃРёРё: 2.3.1.02
2025-08-21 20:15:04,102 - INFO - рџ”§ Р›РѕРіРёСЂРѕРІР°РЅРёРµ РЅР°СЃС‚СЂРѕРµРЅРѕ СѓСЃРїРµС€РЅРѕ
2025-08-21 20:15:04,103 - INFO - рџљЂ Р—Р°РїСѓСЃРє РїСЂРёР»РѕР¶РµРЅРёСЏ GoodbyeZapretTray...
2025-08-21 20:15:04,103 - INFO - вњ… РњСЊСЋС‚РµРєСЃ РїРѕР»СѓС‡РµРЅ, РїСЂРѕРґРѕР»Р¶Р°СЋ Р·Р°РїСѓСЃРє...
2025-08-21 20:15:04,103 - INFO - рџЋЁ Р—Р°РіСЂСѓР¶Р°СЋ РёРєРѕРЅРєРё...
2025-08-21 20:15:04,128 - INFO - РРєРѕРЅРєРё СѓСЃРїРµС€РЅРѕ Р·Р°РіСЂСѓР¶РµРЅС‹
2025-08-21 20:15:04,128 - INFO - вњ… РРєРѕРЅРєРё Р·Р°РіСЂСѓР¶РµРЅС‹
2025-08-21 20:15:04,128 - INFO - рџ“± РЎРѕР·РґР°СЋ РёРєРѕРЅРєСѓ РІ СЃРёСЃС‚РµРјРЅРѕРј С‚СЂРµРµ...
2025-08-21 20:15:04,128 - INFO - вњ… РРєРѕРЅРєР° С‚СЂРµСЏ СЃРѕР·РґР°РЅР°
2025-08-21 20:15:04,128 - INFO - рџ”„ Р—Р°РїСѓСЃРєР°СЋ РїРѕС‚РѕРє РїСЂРѕРІРµСЂРєРё СЃС‚Р°С‚СѓСЃР°...
2025-08-21 20:15:04,129 - INFO - вњ… РџРѕС‚РѕРє РїСЂРѕРІРµСЂРєРё СЃС‚Р°С‚СѓСЃР° Р·Р°РїСѓС‰РµРЅ
2025-08-21 20:15:04,129 - INFO - рџ”„ РРЅРёС†РёРёСЂСѓСЋ РїСЂРѕРІРµСЂРєСѓ РѕР±РЅРѕРІР»РµРЅРёР№ РїСЂРё Р·Р°РїСѓСЃРєРµ...
2025-08-21 20:15:04,129 - INFO - рџ”„ Р—Р°РїСѓСЃРєР°СЋ Р°РІС‚РѕРјР°С‚РёС‡РµСЃРєСѓСЋ РїСЂРѕРІРµСЂРєСѓ РѕР±РЅРѕРІР»РµРЅРёР№ РїСЂРё Р·Р°РїСѓСЃРєРµ...
2025-08-21 20:15:04,144 - INFO - рџљЂ Р Р°Р±РѕС‡РёР№ РїРѕС‚РѕРє РїСЂРѕРІРµСЂРєРё РѕР±РЅРѕРІР»РµРЅРёР№ Р·Р°РїСѓС‰РµРЅ
2025-08-21 20:15:04,159 - INFO - вњ… РџРѕС‚РѕРє РїСЂРѕРІРµСЂРєРё РѕР±РЅРѕРІР»РµРЅРёР№ Р·Р°РїСѓС‰РµРЅ
2025-08-21 20:15:04,176 - INFO - вЏі РћР¶РёРґР°СЋ 2 СЃРµРєСѓРЅРґС‹ РґР»СЏ СЃС‚Р°Р±РёР»РёР·Р°С†РёРё РїСЂРёР»РѕР¶РµРЅРёСЏ...
2025-08-21 20:15:04,190 - INFO - вњ… РџСЂРѕРІРµСЂРєР° РѕР±РЅРѕРІР»РµРЅРёР№ РёРЅРёС†РёРёСЂРѕРІР°РЅР° СѓСЃРїРµС€РЅРѕ
2025-08-21 20:15:04,216 - INFO - рџЋЇ РџСЂРёР»РѕР¶РµРЅРёРµ РїРѕР»РЅРѕСЃС‚СЊСЋ Р·Р°РїСѓС‰РµРЅРѕ Рё СЃРІРµСЂРЅСѓС‚Рѕ РІ С‚СЂРµР№.
2025-08-21 20:15:05,904 - INFO - рџ”Ќ Р§РёС‚Р°СЋ РІРµСЂСЃРёСЋ РёР· СЂРµРµСЃС‚СЂР°: Software\ALFiX inc.\GoodbyeZapret\GoodbyeZapret_Version
2025-08-21 20:15:05,904 - INFO - вњ… Р’РµСЂСЃРёСЏ РёР· СЂРµРµСЃС‚СЂР°: 2.3.1.02
2025-08-21 20:15:06,061 - INFO - рџЊђ РћС‚РїСЂР°РІР»СЏСЋ Р·Р°РїСЂРѕСЃ Рє GitHub: https://raw.githubusercontent.com/ALFiX01/GoodbyeZapret/main/GoodbyeZapret_Version
2025-08-21 20:15:06,197 - INFO - рџ“Ґ РџРѕР»СѓС‡РµРЅ РѕС‚РІРµС‚ РѕС‚ GitHub, СЂР°Р·РјРµСЂ: 106 СЃРёРјРІРѕР»РѕРІ
2025-08-21 20:15:06,197 - INFO - вњ… РР·РІР»РµС‡РµРЅР° РІРµСЂСЃРёСЏ РёР· GitHub: 2.3.01
2025-08-21 20:15:06,229 - INFO - рџ“‹ РџСЂРѕРІРµСЂСЏСЋ С‚РµРєСѓС‰СѓСЋ РІРµСЂСЃРёСЋ РІ СЂРµРµСЃС‚СЂРµ...
2025-08-21 20:15:06,229 - INFO - рџ”Ќ Р§РёС‚Р°СЋ РІРµСЂСЃРёСЋ РёР· СЂРµРµСЃС‚СЂР°: Software\ALFiX inc.\GoodbyeZapret\GoodbyeZapret_Version
2025-08-21 20:15:06,229 - INFO - вњ… Р’РµСЂСЃРёСЏ РёР· СЂРµРµСЃС‚СЂР°: 2.3.1.02
2025-08-21 20:15:06,229 - INFO - рџ“‹ РўРµРєСѓС‰Р°СЏ РІРµСЂСЃРёСЏ: 2.3.1.02
2025-08-21 20:15:06,229 - INFO - рџЊђ РџСЂРѕРІРµСЂСЏСЋ РїРѕРґРєР»СЋС‡РµРЅРёРµ Рє РёРЅС‚РµСЂРЅРµС‚Сѓ...
2025-08-21 20:15:06,341 - INFO - вњ… РРЅС‚РµСЂРЅРµС‚ РґРѕСЃС‚СѓРїРµРЅ, РїСЂРѕРІРµСЂСЏСЋ РѕР±РЅРѕРІР»РµРЅРёСЏ РЅР° GitHub...
2025-08-21 20:15:06,524 - INFO - рџЊђ РћС‚РїСЂР°РІР»СЏСЋ Р·Р°РїСЂРѕСЃ Рє GitHub: https://raw.githubusercontent.com/ALFiX01/GoodbyeZapret/main/GoodbyeZapret_Version
2025-08-21 20:15:06,660 - INFO - рџ“Ґ РџРѕР»СѓС‡РµРЅ РѕС‚РІРµС‚ РѕС‚ GitHub, СЂР°Р·РјРµСЂ: 106 СЃРёРјРІРѕР»РѕРІ
2025-08-21 20:15:06,660 - INFO - вњ… РР·РІР»РµС‡РµРЅР° РІРµСЂСЃРёСЏ РёР· GitHub: 2.3.01
2025-08-21 20:15:06,660 - INFO - рџ“¦ Р”РѕСЃС‚СѓРїРЅР°СЏ РІРµСЂСЃРёСЏ РЅР° GitHub: 2.3.01
2025-08-21 20:15:06,660 - INFO - вњ… РџСЂРёР»РѕР¶РµРЅРёРµ РѕР±РЅРѕРІР»РµРЅРѕ РґРѕ РїРѕСЃР»РµРґРЅРµР№ РІРµСЂСЃРёРё: 2.3.1.02
2025-08-21 20:15:53,202 - INFO - рџ”§ Р›РѕРіРёСЂРѕРІР°РЅРёРµ РЅР°СЃС‚СЂРѕРµРЅРѕ СѓСЃРїРµС€РЅРѕ
2025-08-21 20:15:53,202 - INFO - рџљЂ Р—Р°РїСѓСЃРє РїСЂРёР»РѕР¶РµРЅРёСЏ GoodbyeZapretTray...
2025-08-21 20:15:53,202 - INFO - вњ… РњСЊСЋС‚РµРєСЃ РїРѕР»СѓС‡РµРЅ, РїСЂРѕРґРѕР»Р¶Р°СЋ Р·Р°РїСѓСЃРє...
2025-08-21 20:15:53,202 - INFO - рџЋЁ Р—Р°РіСЂСѓР¶Р°СЋ РёРєРѕРЅРєРё...
2025-08-21 20:15:53,231 - INFO - РРєРѕРЅРєРё СѓСЃРїРµС€РЅРѕ Р·Р°РіСЂСѓР¶РµРЅС‹
2025-08-21 20:15:53,231 - INFO - вњ… РРєРѕРЅРєРё Р·Р°РіСЂСѓР¶РµРЅС‹
2025-08-21 20:15:53,231 - INFO - рџ“± РЎРѕР·РґР°СЋ РёРєРѕРЅРєСѓ РІ СЃРёСЃС‚РµРјРЅРѕРј С‚СЂРµРµ...
2025-08-21 20:15:53,231 - INFO - вњ… РРєРѕРЅРєР° С‚СЂРµСЏ СЃРѕР·РґР°РЅР°
2025-08-21 20:15:53,231 - INFO - рџ”„ Р—Р°РїСѓСЃРєР°СЋ РїРѕС‚РѕРє РїСЂРѕРІРµСЂРєРё СЃС‚Р°С‚СѓСЃР°...
2025-08-21 20:15:53,232 - INFO - вњ… РџРѕС‚РѕРє РїСЂРѕРІРµСЂРєРё СЃС‚Р°С‚СѓСЃР° Р·Р°РїСѓС‰РµРЅ
2025-08-21 20:15:53,232 - INFO - рџ”„ РРЅРёС†РёРёСЂСѓСЋ РїСЂРѕРІРµСЂРєСѓ РѕР±РЅРѕРІР»РµРЅРёР№ РїСЂРё Р·Р°РїСѓСЃРєРµ...
2025-08-21 20:15:53,232 - INFO - рџ”„ Р—Р°РїСѓСЃРєР°СЋ Р°РІС‚РѕРјР°С‚РёС‡РµСЃРєСѓСЋ РїСЂРѕРІРµСЂРєСѓ РѕР±РЅРѕРІР»РµРЅРёР№ РїСЂРё Р·Р°РїСѓСЃРєРµ...
2025-08-21 20:15:53,253 - INFO - рџљЂ Р Р°Р±РѕС‡РёР№ РїРѕС‚РѕРє РїСЂРѕРІРµСЂРєРё РѕР±РЅРѕРІР»РµРЅРёР№ Р·Р°РїСѓС‰РµРЅ
2025-08-21 20:15:53,268 - INFO - вњ… РџРѕС‚РѕРє РїСЂРѕРІРµСЂРєРё РѕР±РЅРѕРІР»РµРЅРёР№ Р·Р°РїСѓС‰РµРЅ
2025-08-21 20:15:53,283 - INFO - вЏі РћР¶РёРґР°СЋ 2 СЃРµРєСѓРЅРґС‹ РґР»СЏ СЃС‚Р°Р±РёР»РёР·Р°С†РёРё РїСЂРёР»РѕР¶РµРЅРёСЏ...
2025-08-21 20:15:53,331 - INFO - вњ… РџСЂРѕРІРµСЂРєР° РѕР±РЅРѕРІР»РµРЅРёР№ РёРЅРёС†РёРёСЂРѕРІР°РЅР° СѓСЃРїРµС€РЅРѕ
2025-08-21 20:15:53,333 - INFO - рџЋЇ РџСЂРёР»РѕР¶РµРЅРёРµ РїРѕР»РЅРѕСЃС‚СЊСЋ Р·Р°РїСѓС‰РµРЅРѕ Рё СЃРІРµСЂРЅСѓС‚Рѕ РІ С‚СЂРµР№.
2025-08-21 20:15:54,813 - INFO - рџ”Ќ Р§РёС‚Р°СЋ РІРµСЂСЃРёСЋ РёР· СЂРµРµСЃС‚СЂР°: Software\ALFiX inc.\GoodbyeZapret\GoodbyeZapret_Version
2025-08-21 20:15:54,813 - INFO - вњ… Р’РµСЂСЃРёСЏ РёР· СЂРµРµСЃС‚СЂР°: 2.3.1.02
2025-08-21 20:15:54,990 - INFO - рџЊђ РћС‚РїСЂР°РІР»СЏСЋ Р·Р°РїСЂРѕСЃ Рє GitHub: https://raw.githubusercontent.com/ALFiX01/GoodbyeZapret/main/GoodbyeZapret_Version
2025-08-21 20:15:55,121 - INFO - рџ“Ґ РџРѕР»СѓС‡РµРЅ РѕС‚РІРµС‚ РѕС‚ GitHub, СЂР°Р·РјРµСЂ: 106 СЃРёРјРІРѕР»РѕРІ
2025-08-21 20:15:55,121 - INFO - вњ… РР·РІР»РµС‡РµРЅР° РІРµСЂСЃРёСЏ РёР· GitHub: 2.3.01
2025-08-21 20:15:55,342 - INFO - рџ“‹ РџСЂРѕРІРµСЂСЏСЋ С‚РµРєСѓС‰СѓСЋ РІРµСЂСЃРёСЋ РІ СЂРµРµСЃС‚СЂРµ...
2025-08-21 20:15:55,342 - INFO - рџ”Ќ Р§РёС‚Р°СЋ РІРµСЂСЃРёСЋ РёР· СЂРµРµСЃС‚СЂР°: Software\ALFiX inc.\GoodbyeZapret\GoodbyeZapret_Version
2025-08-21 20:15:55,342 - INFO - вњ… Р’РµСЂСЃРёСЏ РёР· СЂРµРµСЃС‚СЂР°: 2.3.1.02
2025-08-21 20:15:55,342 - INFO - рџ“‹ РўРµРєСѓС‰Р°СЏ РІРµСЂСЃРёСЏ: 2.3.1.02
2025-08-21 20:15:55,342 - INFO - рџЊђ РџСЂРѕРІРµСЂСЏСЋ РїРѕРґРєР»СЋС‡РµРЅРёРµ Рє РёРЅС‚РµСЂРЅРµС‚Сѓ...
2025-08-21 20:15:55,476 - INFO - вњ… РРЅС‚РµСЂРЅРµС‚ РґРѕСЃС‚СѓРїРµРЅ, РїСЂРѕРІРµСЂСЏСЋ РѕР±РЅРѕРІР»РµРЅРёСЏ РЅР° GitHub...
2025-08-21 20:15:55,582 - INFO - рџЊђ РћС‚РїСЂР°РІР»СЏСЋ Р·Р°РїСЂРѕСЃ Рє GitHub: https://raw.githubusercontent.com/ALFiX01/GoodbyeZapret/main/GoodbyeZapret_Version
2025-08-21 20:15:55,719 - INFO - рџ“Ґ РџРѕР»СѓС‡РµРЅ РѕС‚РІРµС‚ РѕС‚ GitHub, СЂР°Р·РјРµСЂ: 106 СЃРёРјРІРѕР»РѕРІ
2025-08-21 20:15:55,719 - INFO - вњ… РР·РІР»РµС‡РµРЅР° РІРµСЂСЃРёСЏ РёР· GitHub: 2.3.01
2025-08-21 20:15:55,719 - INFO - рџ“¦ Р”РѕСЃС‚СѓРїРЅР°СЏ РІРµСЂСЃРёСЏ РЅР° GitHub: 2.3.01
2025-08-21 20:15:55,719 - INFO - вњ… РџСЂРёР»РѕР¶РµРЅРёРµ РѕР±РЅРѕРІР»РµРЅРѕ РґРѕ РїРѕСЃР»РµРґРЅРµР№ РІРµСЂСЃРёРё: 2.3.1.02
2025-08-21 20:19:26,467 - INFO - рџ”§ Р›РѕРіРёСЂРѕРІР°РЅРёРµ РЅР°СЃС‚СЂРѕРµРЅРѕ СѓСЃРїРµС€РЅРѕ
2025-08-21 20:19:26,467 - INFO - рџљЂ Р—Р°РїСѓСЃРє РїСЂРёР»РѕР¶РµРЅРёСЏ GoodbyeZapretTray...
2025-08-21 20:19:26,467 - INFO - вњ… РњСЊСЋС‚РµРєСЃ РїРѕР»СѓС‡РµРЅ, РїСЂРѕРґРѕР»Р¶Р°СЋ Р·Р°РїСѓСЃРє...
2025-08-21 20:19:26,467 - INFO - рџЋЁ Р—Р°РіСЂСѓР¶Р°СЋ РёРєРѕРЅРєРё...
2025-08-21 20:19:26,494 - INFO - РРєРѕРЅРєРё СѓСЃРїРµС€РЅРѕ Р·Р°РіСЂСѓР¶РµРЅС‹
2025-08-21 20:19:26,494 - INFO - вњ… РРєРѕРЅРєРё Р·Р°РіСЂСѓР¶РµРЅС‹
2025-08-21 20:19:26,494 - INFO - рџ“± РЎРѕР·РґР°СЋ РёРєРѕРЅРєСѓ РІ СЃРёСЃС‚РµРјРЅРѕРј С‚СЂРµРµ...
2025-08-21 20:19:26,494 - INFO - вњ… РРєРѕРЅРєР° С‚СЂРµСЏ СЃРѕР·РґР°РЅР°
2025-08-21 20:19:26,494 - INFO - рџ”„ Р—Р°РїСѓСЃРєР°СЋ РїРѕС‚РѕРє РїСЂРѕРІРµСЂРєРё СЃС‚Р°С‚СѓСЃР°...
2025-08-21 20:19:26,494 - INFO - вњ… РџРѕС‚РѕРє РїСЂРѕРІРµСЂРєРё СЃС‚Р°С‚СѓСЃР° Р·Р°РїСѓС‰РµРЅ
2025-08-21 20:19:26,495 - INFO - рџ”„ РРЅРёС†РёРёСЂСѓСЋ РїСЂРѕРІРµСЂРєСѓ РѕР±РЅРѕРІР»РµРЅРёР№ РїСЂРё Р·Р°РїСѓСЃРєРµ...
2025-08-21 20:19:26,495 - INFO - рџ”„ Р—Р°РїСѓСЃРєР°СЋ Р°РІС‚РѕРјР°С‚РёС‡РµСЃРєСѓСЋ РїСЂРѕРІРµСЂРєСѓ РѕР±РЅРѕРІР»РµРЅРёР№ РїСЂРё Р·Р°РїСѓСЃРєРµ...
2025-08-21 20:19:26,504 - INFO - рџљЂ Р Р°Р±РѕС‡РёР№ РїРѕС‚РѕРє РїСЂРѕРІРµСЂРєРё РѕР±РЅРѕРІР»РµРЅРёР№ Р·Р°РїСѓС‰РµРЅ
2025-08-21 20:19:26,520 - INFO - вњ… РџРѕС‚РѕРє РїСЂРѕРІРµСЂРєРё РѕР±РЅРѕРІР»РµРЅРёР№ Р·Р°РїСѓС‰РµРЅ
2025-08-21 20:19:26,535 - INFO - вЏі РћР¶РёРґР°СЋ 2 СЃРµРєСѓРЅРґС‹ РґР»СЏ СЃС‚Р°Р±РёР»РёР·Р°С†РёРё РїСЂРёР»РѕР¶РµРЅРёСЏ...
2025-08-21 20:19:26,582 - INFO - вњ… РџСЂРѕРІРµСЂРєР° РѕР±РЅРѕРІР»РµРЅРёР№ РёРЅРёС†РёРёСЂРѕРІР°РЅР° СѓСЃРїРµС€РЅРѕ
2025-08-21 20:19:26,582 - INFO - рџЋЇ РџСЂРёР»РѕР¶РµРЅРёРµ РїРѕР»РЅРѕСЃС‚СЊСЋ Р·Р°РїСѓС‰РµРЅРѕ Рё СЃРІРµСЂРЅСѓС‚Рѕ РІ С‚СЂРµР№.
2025-08-21 20:19:28,590 - INFO - рџ“‹ РџСЂРѕРІРµСЂСЏСЋ С‚РµРєСѓС‰СѓСЋ РІРµСЂСЃРёСЋ РІ СЂРµРµСЃС‚СЂРµ...
2025-08-21 20:19:28,590 - INFO - рџ”Ќ Р§РёС‚Р°СЋ РІРµСЂСЃРёСЋ РёР· СЂРµРµСЃС‚СЂР°: Software\ALFiX inc.\GoodbyeZapret\GoodbyeZapret_Version
2025-08-21 20:19:28,590 - INFO - вњ… Р’РµСЂСЃРёСЏ РёР· СЂРµРµСЃС‚СЂР°: 2.3.1.02
2025-08-21 20:19:28,591 - INFO - рџ“‹ РўРµРєСѓС‰Р°СЏ РІРµСЂСЃРёСЏ: 2.3.1.02
2025-08-21 20:19:28,591 - INFO - рџЊђ РџСЂРѕРІРµСЂСЏСЋ РїРѕРґРєР»СЋС‡РµРЅРёРµ Рє РёРЅС‚РµСЂРЅРµС‚Сѓ...
2025-08-21 20:19:28,712 - INFO - вњ… РРЅС‚РµСЂРЅРµС‚ РґРѕСЃС‚СѓРїРµРЅ, РїСЂРѕРІРµСЂСЏСЋ РѕР±РЅРѕРІР»РµРЅРёСЏ РЅР° GitHub...
2025-08-21 20:19:28,818 - INFO - рџЊђ РћС‚РїСЂР°РІР»СЏСЋ Р·Р°РїСЂРѕСЃ Рє GitHub: https://raw.githubusercontent.com/ALFiX01/GoodbyeZapret/main/GoodbyeZapret_Version
2025-08-21 20:19:29,075 - INFO - рџ“Ґ РџРѕР»СѓС‡РµРЅ РѕС‚РІРµС‚ РѕС‚ GitHub, СЂР°Р·РјРµСЂ: 106 СЃРёРјРІРѕР»РѕРІ
2025-08-21 20:19:29,076 - INFO - вњ… РР·РІР»РµС‡РµРЅР° РІРµСЂСЃРёСЏ РёР· GitHub: 2.3.01
2025-08-21 20:19:29,076 - INFO - рџ“¦ Р”РѕСЃС‚СѓРїРЅР°СЏ РІРµСЂСЃРёСЏ РЅР° GitHub: 2.3.01
2025-08-21 20:19:29,076 - INFO - вњ… РџСЂРёР»РѕР¶РµРЅРёРµ РѕР±РЅРѕРІР»РµРЅРѕ РґРѕ РїРѕСЃР»РµРґРЅРµР№ РІРµСЂСЃРёРё: 2.3.1.02
2025-08-21 20:27:58,326 - INFO - рџ”§ Р›РѕРіРёСЂРѕРІР°РЅРёРµ РЅР°СЃС‚СЂРѕРµРЅРѕ СѓСЃРїРµС€РЅРѕ
2025-08-21 20:27:58,326 - INFO - рџљЂ Р—Р°РїСѓСЃРє РїСЂРёР»РѕР¶РµРЅРёСЏ GoodbyeZapretTray...
2025-08-21 20:27:58,326 - INFO - вњ… РњСЊСЋС‚РµРєСЃ РїРѕР»СѓС‡РµРЅ, РїСЂРѕРґРѕР»Р¶Р°СЋ Р·Р°РїСѓСЃРє...
2025-08-21 20:27:58,326 - INFO - рџЋЁ Р—Р°РіСЂСѓР¶Р°СЋ РёРєРѕРЅРєРё...
2025-08-21 20:27:58,353 - INFO - РРєРѕРЅРєРё СѓСЃРїРµС€РЅРѕ Р·Р°РіСЂСѓР¶РµРЅС‹
2025-08-21 20:27:58,353 - INFO - вњ… РРєРѕРЅРєРё Р·Р°РіСЂСѓР¶РµРЅС‹
2025-08-21 20:27:58,353 - INFO - рџ“± РЎРѕР·РґР°СЋ РёРєРѕРЅРєСѓ РІ СЃРёСЃС‚РµРјРЅРѕРј С‚СЂРµРµ...
2025-08-21 20:27:58,353 - INFO - вњ… РРєРѕРЅРєР° С‚СЂРµСЏ СЃРѕР·РґР°РЅР°
2025-08-21 20:27:58,353 - INFO - рџ”„ Р—Р°РїСѓСЃРєР°СЋ РїРѕС‚РѕРє РїСЂРѕРІРµСЂРєРё СЃС‚Р°С‚СѓСЃР°...
2025-08-21 20:27:58,354 - INFO - вњ… РџРѕС‚РѕРє РїСЂРѕРІРµСЂРєРё СЃС‚Р°С‚СѓСЃР° Р·Р°РїСѓС‰РµРЅ
2025-08-21 20:27:58,354 - INFO - рџ”„ РРЅРёС†РёРёСЂСѓСЋ РїСЂРѕРІРµСЂРєСѓ РѕР±РЅРѕРІР»РµРЅРёР№ РїСЂРё Р·Р°РїСѓСЃРєРµ...
2025-08-21 20:27:58,354 - INFO - рџ”„ Р—Р°РїСѓСЃРєР°СЋ Р°РІС‚РѕРјР°С‚РёС‡РµСЃРєСѓСЋ РїСЂРѕРІРµСЂРєСѓ РѕР±РЅРѕРІР»РµРЅРёР№ РїСЂРё Р·Р°РїСѓСЃРєРµ...
2025-08-21 20:27:58,374 - INFO - рџљЂ Р Р°Р±РѕС‡РёР№ РїРѕС‚РѕРє РїСЂРѕРІРµСЂРєРё РѕР±РЅРѕРІР»РµРЅРёР№ Р·Р°РїСѓС‰РµРЅ
2025-08-21 20:27:58,388 - INFO - вњ… РџРѕС‚РѕРє РїСЂРѕРІРµСЂРєРё РѕР±РЅРѕРІР»РµРЅРёР№ Р·Р°РїСѓС‰РµРЅ
2025-08-21 20:27:58,404 - INFO - вЏі РћР¶РёРґР°СЋ 2 СЃРµРєСѓРЅРґС‹ РґР»СЏ СЃС‚Р°Р±РёР»РёР·Р°С†РёРё РїСЂРёР»РѕР¶РµРЅРёСЏ...
2025-08-21 20:27:58,435 - INFO - вњ… РџСЂРѕРІРµСЂРєР° РѕР±РЅРѕРІР»РµРЅРёР№ РёРЅРёС†РёРёСЂРѕРІР°РЅР° СѓСЃРїРµС€РЅРѕ
2025-08-21 20:27:58,448 - INFO - рџЋЇ РџСЂРёР»РѕР¶РµРЅРёРµ РїРѕР»РЅРѕСЃС‚СЊСЋ Р·Р°РїСѓС‰РµРЅРѕ Рё СЃРІРµСЂРЅСѓС‚Рѕ РІ С‚СЂРµР№.
2025-08-21 20:28:00,460 - INFO - рџ“‹ РџСЂРѕРІРµСЂСЏСЋ С‚РµРєСѓС‰СѓСЋ РІРµСЂСЃРёСЋ РІ СЂРµРµСЃС‚СЂРµ...
2025-08-21 20:28:00,460 - INFO - рџ”Ќ Р§РёС‚Р°СЋ РІРµСЂСЃРёСЋ РёР· СЂРµРµСЃС‚СЂР°: Software\ALFiX inc.\GoodbyeZapret\GoodbyeZapret_Version
2025-08-21 20:28:00,460 - INFO - вњ… Р’РµСЂСЃРёСЏ РёР· СЂРµРµСЃС‚СЂР°: 2.3.1.02
2025-08-21 20:28:00,460 - INFO - рџ“‹ РўРµРєСѓС‰Р°СЏ РІРµСЂСЃРёСЏ: 2.3.1.02
2025-08-21 20:28:00,461 - INFO - рџЊђ РџСЂРѕРІРµСЂСЏСЋ РїРѕРґРєР»СЋС‡РµРЅРёРµ Рє РёРЅС‚РµСЂРЅРµС‚Сѓ...
2025-08-21 20:28:00,579 - INFO - вњ… РРЅС‚РµСЂРЅРµС‚ РґРѕСЃС‚СѓРїРµРЅ, РїСЂРѕРІРµСЂСЏСЋ РѕР±РЅРѕРІР»РµРЅРёСЏ РЅР° GitHub...
2025-08-21 20:28:00,696 - INFO - рџЊђ РћС‚РїСЂР°РІР»СЏСЋ Р·Р°РїСЂРѕСЃ Рє GitHub: https://raw.githubusercontent.com/ALFiX01/GoodbyeZapret/main/GoodbyeZapret_Version
2025-08-21 20:28:00,962 - INFO - рџ“Ґ РџРѕР»СѓС‡РµРЅ РѕС‚РІРµС‚ РѕС‚ GitHub, СЂР°Р·РјРµСЂ: 106 СЃРёРјРІРѕР»РѕРІ
2025-08-21 20:28:00,962 - INFO - вњ… РР·РІР»РµС‡РµРЅР° РІРµСЂСЃРёСЏ РёР· GitHub: 2.3.01
2025-08-21 20:28:00,962 - INFO - рџ“¦ Р”РѕСЃС‚СѓРїРЅР°СЏ РІРµСЂСЃРёСЏ РЅР° GitHub: 2.3.01
2025-08-21 20:28:00,963 - INFO - вњ… РџСЂРёР»РѕР¶РµРЅРёРµ РѕР±РЅРѕРІР»РµРЅРѕ РґРѕ РїРѕСЃР»РµРґРЅРµР№ РІРµСЂСЃРёРё: 2.3.1.02
2025-08-21 20:28:03,819 - INFO - рџ”Ќ Р§РёС‚Р°СЋ РІРµСЂСЃРёСЋ РёР· СЂРµРµСЃС‚СЂР°: Software\ALFiX inc.\GoodbyeZapret\GoodbyeZapret_Version
2025-08-21 20:28:03,819 - INFO - вњ… Р’РµСЂСЃРёСЏ РёР· СЂРµРµСЃС‚СЂР°: 2.3.1.02
2025-08-21 20:28:03,973 - INFO - рџЊђ РћС‚РїСЂР°РІР»СЏСЋ Р·Р°РїСЂРѕСЃ Рє GitHub: https://raw.githubusercontent.com/ALFiX01/GoodbyeZapret/main/GoodbyeZapret_Version
2025-08-21 20:28:04,109 - INFO - рџ“Ґ РџРѕР»СѓС‡РµРЅ РѕС‚РІРµС‚ РѕС‚ GitHub, СЂР°Р·РјРµСЂ: 106 СЃРёРјРІРѕР»РѕРІ
2025-08-21 20:28:04,109 - INFO - вњ… РР·РІР»РµС‡РµРЅР° РІРµСЂСЃРёСЏ РёР· GitHub: 2.3.01
2025-08-21 20:28:58,348 - INFO - рџ”§ Р›РѕРіРёСЂРѕРІР°РЅРёРµ РЅР°СЃС‚СЂРѕРµРЅРѕ СѓСЃРїРµС€РЅРѕ
2025-08-21 20:28:58,349 - INFO - рџљЂ Р—Р°РїСѓСЃРє РїСЂРёР»РѕР¶РµРЅРёСЏ GoodbyeZapretTray...
2025-08-21 20:28:58,349 - INFO - вњ… РњСЊСЋС‚РµРєСЃ РїРѕР»СѓС‡РµРЅ, РїСЂРѕРґРѕР»Р¶Р°СЋ Р·Р°РїСѓСЃРє...
2025-08-21 20:28:58,349 - INFO - рџЋЁ Р—Р°РіСЂСѓР¶Р°СЋ РёРєРѕРЅРєРё...
2025-08-21 20:28:58,375 - INFO - РРєРѕРЅРєРё СѓСЃРїРµС€РЅРѕ Р·Р°РіСЂСѓР¶РµРЅС‹
2025-08-21 20:28:58,375 - INFO - вњ… РРєРѕРЅРєРё Р·Р°РіСЂСѓР¶РµРЅС‹
2025-08-21 20:28:58,375 - INFO - рџ“± РЎРѕР·РґР°СЋ РёРєРѕРЅРєСѓ РІ СЃРёСЃС‚РµРјРЅРѕРј С‚СЂРµРµ...
2025-08-21 20:28:58,376 - INFO - вњ… РРєРѕРЅРєР° С‚СЂРµСЏ СЃРѕР·РґР°РЅР°
2025-08-21 20:28:58,376 - INFO - рџ”„ Р—Р°РїСѓСЃРєР°СЋ РїРѕС‚РѕРє РїСЂРѕРІРµСЂРєРё СЃС‚Р°С‚СѓСЃР°...
2025-08-21 20:28:58,376 - INFO - вњ… РџРѕС‚РѕРє РїСЂРѕРІРµСЂРєРё СЃС‚Р°С‚СѓСЃР° Р·Р°РїСѓС‰РµРЅ
2025-08-21 20:28:58,376 - INFO - рџ”„ РРЅРёС†РёРёСЂСѓСЋ РїСЂРѕРІРµСЂРєСѓ РѕР±РЅРѕРІР»РµРЅРёР№ РїСЂРё Р·Р°РїСѓСЃРєРµ...
2025-08-21 20:28:58,376 - INFO - рџ”„ Р—Р°РїСѓСЃРєР°СЋ Р°РІС‚РѕРјР°С‚РёС‡РµСЃРєСѓСЋ РїСЂРѕРІРµСЂРєСѓ РѕР±РЅРѕРІР»РµРЅРёР№ РїСЂРё Р·Р°РїСѓСЃРєРµ...
2025-08-21 20:28:58,376 - INFO - рџљЂ Р Р°Р±РѕС‡РёР№ РїРѕС‚РѕРє РїСЂРѕРІРµСЂРєРё РѕР±РЅРѕРІР»РµРЅРёР№ Р·Р°РїСѓС‰РµРЅ
2025-08-21 20:28:58,390 - INFO - вњ… РџРѕС‚РѕРє РїСЂРѕРІРµСЂРєРё РѕР±РЅРѕРІР»РµРЅРёР№ Р·Р°РїСѓС‰РµРЅ
2025-08-21 20:28:58,406 - INFO - вЏі РћР¶РёРґР°СЋ 2 СЃРµРєСѓРЅРґС‹ РґР»СЏ СЃС‚Р°Р±РёР»РёР·Р°С†РёРё РїСЂРёР»РѕР¶РµРЅРёСЏ...
2025-08-21 20:28:58,423 - INFO - вњ… РџСЂРѕРІРµСЂРєР° РѕР±РЅРѕРІР»РµРЅРёР№ РёРЅРёС†РёРёСЂРѕРІР°РЅР° СѓСЃРїРµС€РЅРѕ
2025-08-21 20:28:58,438 - INFO - рџЋЇ РџСЂРёР»РѕР¶РµРЅРёРµ РїРѕР»РЅРѕСЃС‚СЊСЋ Р·Р°РїСѓС‰РµРЅРѕ Рё СЃРІРµСЂРЅСѓС‚Рѕ РІ С‚СЂРµР№.
2025-08-21 20:29:00,434 - INFO - рџ“‹ РџСЂРѕРІРµСЂСЏСЋ С‚РµРєСѓС‰СѓСЋ РІРµСЂСЃРёСЋ РІ СЂРµРµСЃС‚СЂРµ...
2025-08-21 20:29:00,434 - INFO - рџ”Ќ Р§РёС‚Р°СЋ РІРµСЂСЃРёСЋ РёР· СЂРµРµСЃС‚СЂР°: Software\ALFiX inc.\GoodbyeZapret\GoodbyeZapret_Version
2025-08-21 20:29:00,434 - INFO - вњ… Р’РµСЂСЃРёСЏ РёР· СЂРµРµСЃС‚СЂР°: 2.3.1.02
2025-08-21 20:29:00,434 - INFO - рџ“‹ РўРµРєСѓС‰Р°СЏ РІРµСЂСЃРёСЏ: 2.3.1.02
2025-08-21 20:29:00,434 - INFO - рџЊђ РџСЂРѕРІРµСЂСЏСЋ РїРѕРґРєР»СЋС‡РµРЅРёРµ Рє РёРЅС‚РµСЂРЅРµС‚Сѓ...
2025-08-21 20:29:00,555 - INFO - вњ… РРЅС‚РµСЂРЅРµС‚ РґРѕСЃС‚СѓРїРµРЅ, РїСЂРѕРІРµСЂСЏСЋ РѕР±РЅРѕРІР»РµРЅРёСЏ РЅР° GitHub...
2025-08-21 20:29:00,664 - INFO - рџЊђ РћС‚РїСЂР°РІР»СЏСЋ Р·Р°РїСЂРѕСЃ Рє GitHub: https://raw.githubusercontent.com/ALFiX01/GoodbyeZapret/main/GoodbyeZapret_Version
2025-08-21 20:29:00,797 - INFO - рџ“Ґ РџРѕР»СѓС‡РµРЅ РѕС‚РІРµС‚ РѕС‚ GitHub, СЂР°Р·РјРµСЂ: 106 СЃРёРјРІРѕР»РѕРІ
2025-08-21 20:29:00,797 - INFO - вњ… РР·РІР»РµС‡РµРЅР° РІРµСЂСЃРёСЏ РёР· GitHub: 2.3.01
2025-08-21 20:29:00,797 - INFO - рџ“¦ Р”РѕСЃС‚СѓРїРЅР°СЏ РІРµСЂСЃРёСЏ РЅР° GitHub: 2.3.01
2025-08-21 20:29:00,798 - INFO - вњ… РџСЂРёР»РѕР¶РµРЅРёРµ РѕР±РЅРѕРІР»РµРЅРѕ РґРѕ РїРѕСЃР»РµРґРЅРµР№ РІРµСЂСЃРёРё: 2.3.1.02
2025-08-21 20:29:45,170 - INFO - Иконки успешно загружены
2025-08-21 20:29:45,170 - INFO - Приложение запущено и свернуто в трей.
2025-08-21 20:29:48,345 - ERROR - An error occurred in the main loop
Traceback (most recent call last):
  File "C:\Users\Daniil\DriverFinder\.venv\lib\site-packages\pystray\_win32.py", line 147, in _mainloop
    r = win32.GetMessage(lpmsg, None, 0, 0)
KeyboardInterrupt
