2026-02-26 22:11:32,373 - INFO - Иконки успешно загружены
2026-02-26 22:11:32,374 - INFO - Приложение запущено и свернуто в трей.
2026-02-27 17:13:06,020 - INFO - Иконки успешно загружены
2026-02-27 17:13:06,020 - INFO - Приложение запущено и свернуто в трей.
2026-02-27 18:42:08,526 - INFO - Отправлен terminate() процессу winws2.exe (PID: 10984)
2026-02-27 18:42:08,541 - INFO - Останавливаю обход...: Обход успешно остановлен — завершено процессов: 1
2026-02-27 18:42:08,609 - INFO - Принудительная проверка статуса: inactive
2026-02-28 10:02:37,053 - INFO - Иконки успешно загружены
2026-02-28 10:02:37,054 - INFO - Приложение запущено и свернуто в трей.
2026-02-28 15:58:28,454 - INFO - Иконки успешно загружены
2026-02-28 15:58:28,455 - INFO - Приложение запущено и свернуто в трей.
2026-03-01 09:50:55,899 - INFO - Иконки успешно загружены
2026-03-01 09:50:55,899 - INFO - Приложение запущено и свернуто в трей.
2026-03-01 22:59:19,853 - INFO - Иконки успешно загружены
2026-03-01 22:59:19,854 - INFO - Приложение запущено и свернуто в трей.
2026-03-02 17:01:01,957 - INFO - Иконки успешно загружены
2026-03-02 17:01:01,958 - INFO - Приложение запущено и свернуто в трей.
2026-03-02 21:49:11,355 - INFO - Отправлен terminate() процессу winws2.exe (PID: 11340)
2026-03-02 21:49:11,377 - INFO - Останавливаю обход...: Обход успешно остановлен — завершено процессов: 1
2026-03-02 21:49:11,443 - INFO - Принудительная проверка статуса: inactive
2026-03-02 23:12:32,819 - INFO - Иконки успешно загружены
2026-03-02 23:12:32,820 - INFO - Приложение запущено и свернуто в трей.
2026-03-03 17:17:11,461 - INFO - Иконки успешно загружены
2026-03-03 17:17:11,462 - INFO - Приложение запущено и свернуто в трей.
2026-03-03 18:30:27,817 - INFO - Иконки успешно загружены
2026-03-03 18:30:27,818 - INFO - Приложение запущено и свернуто в трей.
2026-03-04 16:54:02,378 - INFO - Иконки успешно загружены
2026-03-04 16:54:02,378 - INFO - Приложение запущено и свернуто в трей.
2026-03-05 22:04:58,105 - INFO - Иконки успешно загружены
2026-03-05 22:04:58,105 - INFO - Приложение запущено и свернуто в трей.
2026-03-06 16:51:37,013 - INFO - Иконки успешно загружены
2026-03-06 16:51:37,014 - INFO - Приложение запущено и свернуто в трей.
2026-03-06 17:25:32,523 - INFO - Отправлен terminate() процессу winws2.exe (PID: 8428)
2026-03-06 17:25:32,546 - INFO - Останавливаю обход...: Обход успешно остановлен — завершено процессов: 1
2026-03-06 17:25:32,623 - INFO - Принудительная проверка статуса: inactive
2026-03-07 10:57:58,044 - INFO - Иконки успешно загружены
2026-03-07 10:57:58,045 - INFO - Приложение запущено и свернуто в трей.
